@I [HLS-0] Workspace /home/imranqureshi/TDL_homework/2_zynq_bram_QSPI_8bit_FIFO/git_sdk_work/edge2pulse/solution1 opened at Wed Jun 01 12:59:09 PKT 2016
@I [HLS-100] Command "config_clock -quiet -name default -period 10 -default=false "
@I [SYN-201] Setting up clock 'default' with a period of 10ns.
@I [HLS-100] Command 'config_clock' returned 0; elapsed 9e-05Total elapsed time: 0.328 sec.
@I [HLS-100] Command "open_platform DefaultPlatform "
@I [HLS-100] Command 'open_platform' returned 0; elapsed 8.1e-05Total elapsed time: 0.329 sec.
@I [HLS-100] Command "import_lib /media/imranqureshi/40edadaa-013a-44ac-bdd0-e7787032b2e2/xilinx/Vivado_HLS/2015.3/common/technology/xilinx/zynq/zynq "
@I [HLS-100] Command "source /media/imranqureshi/40edadaa-013a-44ac-bdd0-e7787032b2e2/xilinx/Vivado_HLS/2015.3/common/technology/xilinx/common/xilinx.lib "
@I [HLS-100] Command "source /media/imranqureshi/40edadaa-013a-44ac-bdd0-e7787032b2e2/xilinx/Vivado_HLS/2015.3/common/technology/xilinx/interface/xilinx_interface.lib "
@I [HLS-100] Command "source /media/imranqureshi/40edadaa-013a-44ac-bdd0-e7787032b2e2/xilinx/Vivado_HLS/2015.3/common/technology/xilinx/interface/plb46.lib "
@I [HLS-100] Command 'ap_source' returned 0; elapsed 0.000536Total elapsed time: 0.330 sec.
@I [HLS-100] Command "source /media/imranqureshi/40edadaa-013a-44ac-bdd0-e7787032b2e2/xilinx/Vivado_HLS/2015.3/common/technology/xilinx/interface/fsl.lib "
@I [HLS-100] Command 'ap_source' returned 0; elapsed 0.000267Total elapsed time: 0.331 sec.
@I [HLS-100] Command "source /media/imranqureshi/40edadaa-013a-44ac-bdd0-e7787032b2e2/xilinx/Vivado_HLS/2015.3/common/technology/xilinx/interface/axi4.lib "
@I [HLS-100] Command 'ap_source' returned 0; elapsed 0.000388Total elapsed time: 0.331 sec.
@I [HLS-100] Command "source /media/imranqureshi/40edadaa-013a-44ac-bdd0-e7787032b2e2/xilinx/Vivado_HLS/2015.3/common/technology/xilinx/interface/maxi.lib "
@I [HLS-100] Command 'ap_source' returned 0; elapsed 0.000323Total elapsed time: 0.332 sec.
@I [HLS-100] Command "source /media/imranqureshi/40edadaa-013a-44ac-bdd0-e7787032b2e2/xilinx/Vivado_HLS/2015.3/common/technology/xilinx/interface/saxilite.lib "
@I [HLS-100] Command 'ap_source' returned 0; elapsed 0.000222Total elapsed time: 0.332 sec.
@I [HLS-100] Command 'ap_source' returned 0; elapsed 0.002462Total elapsed time: 0.332 sec.
@I [HLS-100] Command "source /media/imranqureshi/40edadaa-013a-44ac-bdd0-e7787032b2e2/xilinx/Vivado_HLS/2015.3/common/technology/xilinx/common/dsp48.lib "
@I [HLS-100] Command 'ap_source' returned 0; elapsed 0.000235Total elapsed time: 0.332 sec.
@I [HLS-100] Command "source /media/imranqureshi/40edadaa-013a-44ac-bdd0-e7787032b2e2/xilinx/Vivado_HLS/2015.3/common/technology/xilinx/ip/xfft.lib "
@I [HLS-100] Command 'ap_source' returned 0; elapsed 0.000179Total elapsed time: 0.333 sec.
@I [HLS-100] Command "source /media/imranqureshi/40edadaa-013a-44ac-bdd0-e7787032b2e2/xilinx/Vivado_HLS/2015.3/common/technology/xilinx/ip/xfir.lib "
@I [HLS-100] Command 'ap_source' returned 0; elapsed 0.000149Total elapsed time: 0.333 sec.
@I [HLS-100] Command "source /media/imranqureshi/40edadaa-013a-44ac-bdd0-e7787032b2e2/xilinx/Vivado_HLS/2015.3/common/technology/xilinx/ip/dds_compiler.lib "
@I [HLS-100] Command 'ap_source' returned 0; elapsed 0.000146Total elapsed time: 0.333 sec.
@I [HLS-100] Command 'ap_source' returned 0; elapsed 0.008543Total elapsed time: 0.338 sec.
@I [HLS-100] Command "source /media/imranqureshi/40edadaa-013a-44ac-bdd0-e7787032b2e2/xilinx/Vivado_HLS/2015.3/common/technology/xilinx/common/xilinx_old.lib "
@I [HLS-100] Command 'ap_source' returned 0; elapsed 0.001931Total elapsed time: 0.344 sec.
@I [HLS-100] Command "source /media/imranqureshi/40edadaa-013a-44ac-bdd0-e7787032b2e2/xilinx/Vivado_HLS/2015.3/common/technology/xilinx/common/xilinx_vivado.lib "
@I [HLS-100] Command 'ap_source' returned 0; elapsed 0.001575Total elapsed time: 0.345 sec.
@I [HLS-100] Command "source /media/imranqureshi/40edadaa-013a-44ac-bdd0-e7787032b2e2/xilinx/Vivado_HLS/2015.3/common/technology/xilinx/common/xilinx.hlp "
@I [HLS-100] Command "source /media/imranqureshi/40edadaa-013a-44ac-bdd0-e7787032b2e2/xilinx/Vivado_HLS/2015.3/common/technology/xilinx/common/target_info.tcl "
@I [HLS-100] Command 'ap_source' returned 0; elapsed 0.000183Total elapsed time: 0.350 sec.
@I [HLS-100] Command "source /media/imranqureshi/40edadaa-013a-44ac-bdd0-e7787032b2e2/xilinx/Vivado_HLS/2015.3/common/technology/xilinx/interface/xilinx_interface.hlp "
@I [HLS-100] Command "source /media/imranqureshi/40edadaa-013a-44ac-bdd0-e7787032b2e2/xilinx/Vivado_HLS/2015.3/common/technology/xilinx/interface/maxi.hlp "
@I [HLS-100] Command 'ap_source' returned 0; elapsed 0.000119Total elapsed time: 0.350 sec.
@I [HLS-100] Command "source /media/imranqureshi/40edadaa-013a-44ac-bdd0-e7787032b2e2/xilinx/Vivado_HLS/2015.3/common/technology/xilinx/interface/saxilite.hlp "
@I [HLS-100] Command 'ap_source' returned 0; elapsed 0.000118Total elapsed time: 0.350 sec.
@I [HLS-100] Command 'ap_source' returned 0; elapsed 0.000421Total elapsed time: 0.350 sec.
@I [HLS-100] Command "source /media/imranqureshi/40edadaa-013a-44ac-bdd0-e7787032b2e2/xilinx/Vivado_HLS/2015.3/common/technology/xilinx/common/dsp48.hlp "
@I [HLS-100] Command 'ap_source' returned 0; elapsed 0.000712Total elapsed time: 0.351 sec.
@I [HLS-100] Command 'ap_source' returned 0; elapsed 0.002755Total elapsed time: 0.352 sec.
@I [HLS-100] Command "source /media/imranqureshi/40edadaa-013a-44ac-bdd0-e7787032b2e2/xilinx/Vivado_HLS/2015.3/common/technology/xilinx/zynq/dsp48e1.hlp "
@I [HLS-100] Command 'ap_source' returned 0; elapsed 0.000107Total elapsed time: 0.352 sec.
@I [HLS-100] Command "get_default_platform "
@I [HLS-100] Command 'get_default_platform' returned 0; elapsed 9e-06Total elapsed time: 0.352 sec.
@I [HLS-100] Command "config_chip_info -quiet -resource  {SLICE 13300}  {LUT 53200}     {FF 106400} {DSP48E 220}   {BRAM 280}  "
@I [HLS-100] Command 'config_chip_info' returned 0; elapsed 2.4e-05Total elapsed time: 0.353 sec.
@I [HLS-100] Command "config_chip_info -quiet -speed medium "
@I [HLS-100] Command 'config_chip_info' returned 0; elapsed 5e-06Total elapsed time: 0.353 sec.
@I [HLS-100] Command 'import_lib' returned 0; elapsed 0.025383Total elapsed time: 0.354 sec.
@I [HLS-100] Command "source /media/imranqureshi/40edadaa-013a-44ac-bdd0-e7787032b2e2/xilinx/Vivado_HLS/2015.3/common/technology/xilinx/zynq/zynq.gen "
@I [HLS-100] Command "source /media/imranqureshi/40edadaa-013a-44ac-bdd0-e7787032b2e2/xilinx/Vivado_HLS/2015.3/common/technology/xilinx/common/virtex.gen "
@I [HLS-100] Command "source /media/imranqureshi/40edadaa-013a-44ac-bdd0-e7787032b2e2/xilinx/Vivado_HLS/2015.3/common/technology/xilinx/common/xilinx.gen "
@I [HLS-100] Command "source /media/imranqureshi/40edadaa-013a-44ac-bdd0-e7787032b2e2/xilinx/Vivado_HLS/2015.3/common/technology/xilinx/interface/plb46.gen "
@I [HLS-100] Command 'ap_source' returned 0; elapsed 0.001313Total elapsed time: 0.356 sec.
@I [HLS-100] Command "source /media/imranqureshi/40edadaa-013a-44ac-bdd0-e7787032b2e2/xilinx/Vivado_HLS/2015.3/common/technology/xilinx/interface/fsl.gen "
@I [HLS-100] Command 'ap_source' returned 0; elapsed 0.000479Total elapsed time: 0.357 sec.
@I [HLS-100] Command "source /media/imranqureshi/40edadaa-013a-44ac-bdd0-e7787032b2e2/xilinx/Vivado_HLS/2015.3/common/technology/xilinx/interface/axi4.gen "
@I [HLS-100] Command 'ap_source' returned 0; elapsed 0.002362Total elapsed time: 0.359 sec.
@I [HLS-100] Command "source /media/imranqureshi/40edadaa-013a-44ac-bdd0-e7787032b2e2/xilinx/Vivado_HLS/2015.3/common/technology/xilinx/interface/nativeAXI4.gen "
@I [HLS-100] Command "source /media/imranqureshi/40edadaa-013a-44ac-bdd0-e7787032b2e2/xilinx/Vivado_HLS/2015.3/common/technology/xilinx/interface/saxilite.gen "
@I [HLS-100] Command 'ap_source' returned 0; elapsed 0.004734Total elapsed time: 0.364 sec.
@I [HLS-100] Command "source /media/imranqureshi/40edadaa-013a-44ac-bdd0-e7787032b2e2/xilinx/Vivado_HLS/2015.3/common/technology/xilinx/interface/maxi.gen "
@I [HLS-100] Command 'ap_source' returned 0; elapsed 0.009122Total elapsed time: 0.374 sec.
@I [HLS-100] Command 'ap_source' returned 0; elapsed 0.014162Total elapsed time: 0.374 sec.
@I [HLS-100] Command "source /media/imranqureshi/40edadaa-013a-44ac-bdd0-e7787032b2e2/xilinx/Vivado_HLS/2015.3/common/technology/xilinx/scripts/xilinxcoregen.gen "
@I [HLS-100] Command 'ap_source' returned 0; elapsed 0.011736Total elapsed time: 0.386 sec.
@I [HLS-100] Command "source /media/imranqureshi/40edadaa-013a-44ac-bdd0-e7787032b2e2/xilinx/Vivado_HLS/2015.3/common/technology/xilinx/interface/XilEDKCoreGen.gen "
@I [HLS-100] Command 'ap_source' returned 0; elapsed 0.010056Total elapsed time: 0.396 sec.
@I [HLS-100] Command "source /media/imranqureshi/40edadaa-013a-44ac-bdd0-e7787032b2e2/xilinx/Vivado_HLS/2015.3/common/technology/xilinx/ip/util.gen "
@I [HLS-100] Command 'ap_source' returned 0; elapsed 0.000239Total elapsed time: 0.396 sec.
@I [HLS-100] Command "source /media/imranqureshi/40edadaa-013a-44ac-bdd0-e7787032b2e2/xilinx/Vivado_HLS/2015.3/common/technology/xilinx/ip/xfir.gen "
@I [HLS-100] Command "source /media/imranqureshi/40edadaa-013a-44ac-bdd0-e7787032b2e2/xilinx/Vivado_HLS/2015.3/tps/tcl/tcllib1.11.1/struct/list.tcl "
@I [HLS-100] Command "source /media/imranqureshi/40edadaa-013a-44ac-bdd0-e7787032b2e2/xilinx/Vivado_HLS/2015.3/tps/tcl/tcllib1.11.1/cmdline/cmdline.tcl "
@I [HLS-100] Command 'ap_source' returned 0; elapsed 0.000858Total elapsed time: 0.415 sec.
@I [HLS-100] Command 'ap_source' returned 0; elapsed 0.002029Total elapsed time: 0.416 sec.
@I [HLS-100] Command "source /media/imranqureshi/40edadaa-013a-44ac-bdd0-e7787032b2e2/xilinx/Vivado_HLS/2015.3/tps/tcl/tcllib1.11.1/math/bignum.tcl "
@I [HLS-100] Command 'ap_source' returned 0; elapsed 0.000942Total elapsed time: 0.428 sec.
@I [HLS-100] Command 'ap_source' returned 0; elapsed 0.043843Total elapsed time: 0.440 sec.
@I [HLS-100] Command "source /media/imranqureshi/40edadaa-013a-44ac-bdd0-e7787032b2e2/xilinx/Vivado_HLS/2015.3/common/technology/xilinx/ip/xfft.gen "
@I [HLS-100] Command 'ap_source' returned 0; elapsed 0.148845Total elapsed time: 0.589 sec.
@I [HLS-100] Command "source /media/imranqureshi/40edadaa-013a-44ac-bdd0-e7787032b2e2/xilinx/Vivado_HLS/2015.3/common/technology/xilinx/ip/dds_compiler.gen "
@I [HLS-100] Command 'ap_source' returned 0; elapsed 0.003883Total elapsed time: 0.593 sec.
@I [HLS-100] Command 'ap_source' returned 0; elapsed 0.238078Total elapsed time: 0.594 sec.
@I [HLS-100] Command "source /media/imranqureshi/40edadaa-013a-44ac-bdd0-e7787032b2e2/xilinx/Vivado_HLS/2015.3/common/technology/xilinx/common/dsp48.gen "
@I [HLS-100] Command 'ap_source' returned 0; elapsed 0.000184Total elapsed time: 0.595 sec.
@I [HLS-100] Command 'ap_source' returned 0; elapsed 0.240392Total elapsed time: 0.596 sec.
@I [HLS-100] Command 'ap_source' returned 0; elapsed 0.240564Total elapsed time: 0.596 sec.
@I [HLS-100] Command "open_platform DefaultPlatform "
@I [HLS-100] Command 'open_platform' returned 0; elapsed 1e-05Total elapsed time: 0.596 sec.
@I [HLS-100] Command "import_lib /media/imranqureshi/40edadaa-013a-44ac-bdd0-e7787032b2e2/xilinx/Vivado_HLS/2015.3/common/technology/xilinx/zynq/zynq_fpv6 "
@I [HLS-100] Command "source /media/imranqureshi/40edadaa-013a-44ac-bdd0-e7787032b2e2/xilinx/Vivado_HLS/2015.3/common/technology/xilinx/common/xilinx_fpv7.lib "
@I [HLS-100] Command "source /media/imranqureshi/40edadaa-013a-44ac-bdd0-e7787032b2e2/xilinx/Vivado_HLS/2015.3/common/technology/xilinx/common/xilinx_hp.lib "
@I [HLS-100] Command 'ap_source' returned 0; elapsed 0.000852Total elapsed time: 0.597 sec.
@I [HLS-100] Command 'ap_source' returned 0; elapsed 0.004368Total elapsed time: 0.600 sec.
@I [HLS-100] Command "source /media/imranqureshi/40edadaa-013a-44ac-bdd0-e7787032b2e2/xilinx/Vivado_HLS/2015.3/common/technology/xilinx/common/xilinx_fpv.hlp "
@I [HLS-100] Command "source /media/imranqureshi/40edadaa-013a-44ac-bdd0-e7787032b2e2/xilinx/Vivado_HLS/2015.3/common/technology/xilinx/common/xilinx.hlp "
@I [HLS-100] Command "source /media/imranqureshi/40edadaa-013a-44ac-bdd0-e7787032b2e2/xilinx/Vivado_HLS/2015.3/common/technology/xilinx/common/target_info.tcl "
@I [HLS-100] Command 'ap_source' returned 0; elapsed 0.000239Total elapsed time: 0.610 sec.
@I [HLS-100] Command "source /media/imranqureshi/40edadaa-013a-44ac-bdd0-e7787032b2e2/xilinx/Vivado_HLS/2015.3/common/technology/xilinx/interface/xilinx_interface.hlp "
@I [HLS-100] Command "source /media/imranqureshi/40edadaa-013a-44ac-bdd0-e7787032b2e2/xilinx/Vivado_HLS/2015.3/common/technology/xilinx/interface/maxi.hlp "
@I [HLS-100] Command 'ap_source' returned 0; elapsed 0.000125Total elapsed time: 0.611 sec.
@I [HLS-100] Command "source /media/imranqureshi/40edadaa-013a-44ac-bdd0-e7787032b2e2/xilinx/Vivado_HLS/2015.3/common/technology/xilinx/interface/saxilite.hlp "
@I [HLS-100] Command 'ap_source' returned 0; elapsed 0.000124Total elapsed time: 0.611 sec.
@I [HLS-100] Command 'ap_source' returned 0; elapsed 0.000429Total elapsed time: 0.611 sec.
@I [HLS-100] Command "source /media/imranqureshi/40edadaa-013a-44ac-bdd0-e7787032b2e2/xilinx/Vivado_HLS/2015.3/common/technology/xilinx/common/dsp48.hlp "
@I [HLS-100] Command 'ap_source' returned 0; elapsed 0.000782Total elapsed time: 0.612 sec.
@I [HLS-100] Command 'ap_source' returned 0; elapsed 0.002864Total elapsed time: 0.613 sec.
@I [HLS-100] Command 'ap_source' returned 0; elapsed 0.003618Total elapsed time: 0.613 sec.
@I [HLS-100] Command "source /media/imranqureshi/40edadaa-013a-44ac-bdd0-e7787032b2e2/xilinx/Vivado_HLS/2015.3/common/technology/xilinx/zynq/zynq_hp.hlp "
@I [HLS-100] Command 'ap_source' returned 0; elapsed 0.001097Total elapsed time: 0.614 sec.
@I [HLS-100] Command 'import_lib' returned 0; elapsed 0.024546Total elapsed time: 0.620 sec.
@I [HLS-100] Command "source /media/imranqureshi/40edadaa-013a-44ac-bdd0-e7787032b2e2/xilinx/Vivado_HLS/2015.3/common/technology/xilinx/zynq/zynq_fpv6.gen "
@I [HLS-100] Command "source /media/imranqureshi/40edadaa-013a-44ac-bdd0-e7787032b2e2/xilinx/Vivado_HLS/2015.3/common/technology/xilinx/common/xilinx_fpv6.gen "
@I [HLS-100] Command 'ap_source' returned 0; elapsed 0.001963Total elapsed time: 0.623 sec.
@I [HLS-100] Command 'ap_source' returned 0; elapsed 0.002202Total elapsed time: 0.623 sec.
@I [HLS-100] Command "set_part xc7z020clg484-1 "
@I [HLS-100] Command "add_library xilinx/zynq/zynq:xc7z020:clg484:-1 "
@I [HLS-100] Command "get_default_platform "
@I [HLS-100] Command 'get_default_platform' returned 0; elapsed 9e-06Total elapsed time: 0.627 sec.
@I [HLS-100] Command "license_exists VIVADO_HLS "
@I [HLS-100] Command 'license_exists' returned 0; elapsed 9e-06Total elapsed time: 0.628 sec.
@I [HLS-100] Command "get_default_platform "
@I [HLS-100] Command 'get_default_platform' returned 0; elapsed 6e-06Total elapsed time: 0.629 sec.
@I [HLS-100] Command "config_chip_info -quiet -resource  {SLICE 13300}  {LUT 53200}     {FF 106400} {DSP48E 220}   {BRAM 280}  "
@I [HLS-100] Command 'config_chip_info' returned 0; elapsed 2.1e-05Total elapsed time: 0.629 sec.
@I [HLS-100] Command "config_chip_info -quiet -speed slow "
@I [HLS-100] Command 'config_chip_info' returned 0; elapsed 5e-06Total elapsed time: 0.629 sec.
@I [HLS-100] Command 'add_library' returned 0; elapsed 0.003238Total elapsed time: 0.630 sec.
@I [HLS-100] Command "add_library xilinx/zynq/zynq_fpv6 "
@I [HLS-100] Command "get_default_platform "
@I [HLS-100] Command 'get_default_platform' returned 0; elapsed 4e-06Total elapsed time: 0.630 sec.
@I [HLS-100] Command "license_exists VIVADO_HLS "
@I [HLS-100] Command 'license_exists' returned 0; elapsed 7e-06Total elapsed time: 0.631 sec.
@I [HLS-100] Command 'add_library' returned 0; elapsed 0.001763Total elapsed time: 0.632 sec.
@I [HLS-10] Setting target device to 'xc7z020clg484-1'
@I [HLS-100] Command 'set_part' returned 0; elapsed 0.00814Total elapsed time: 0.632 sec.
@I [HLS-100] Command "get_default_platform "
@I [HLS-100] Command 'get_default_platform' returned 0; elapsed 4e-06Total elapsed time: 0.632 sec.
@I [HLS-100] Command "config_chip_info -quiet -resource  {SLICE 13300}  {LUT 53200}     {FF 106400} {DSP48E 220}   {BRAM 280}  "
@I [HLS-100] Command 'config_chip_info' returned 0; elapsed 1.2e-05Total elapsed time: 0.632 sec.
@I [HLS-100] Command "config_chip_info -quiet -speed slow "
@I [HLS-100] Command 'config_chip_info' returned 0; elapsed 6e-06Total elapsed time: 0.632 sec.
@I [HLS-100] Command 'open_solution' returned 0; elapsed 0.310337Total elapsed time: 0.633 sec.
@I [HLS-100] Command "export_design -format ip_catalog "
@I [HLS-100] Command "source /home/imranqureshi/TDL_homework/2_zynq_bram_QSPI_8bit_FIFO/git_sdk_work/edge2pulse/solution1/.autopilot/db/global.setting.tcl "
@I [HLS-100] Command 'ap_source' returned 0; elapsed 0.000233Total elapsed time: 0.638 sec.
@I [HLS-100] Command "source /media/imranqureshi/40edadaa-013a-44ac-bdd0-e7787032b2e2/xilinx/Vivado_HLS/2015.3/common/technology/generic/autopilot/common.gen "
@I [HLS-100] Command "source /media/imranqureshi/40edadaa-013a-44ac-bdd0-e7787032b2e2/xilinx/Vivado_HLS/2015.3/common/technology/generic/autopilot/APCoreGen.gen "
@I [HLS-100] Command 'ap_source' returned 0; elapsed 0.000603Total elapsed time: 0.643 sec.
@I [HLS-100] Command 'ap_source' returned 0; elapsed 0.001211Total elapsed time: 0.643 sec.
@I [HLS-100] Command "source /media/imranqureshi/40edadaa-013a-44ac-bdd0-e7787032b2e2/xilinx/Vivado_HLS/2015.3/common/technology/generic/autopilot/op.gen "
@I [HLS-100] Command 'ap_source' returned 0; elapsed 0.000352Total elapsed time: 0.644 sec.
@I [HLS-100] Command "source /media/imranqureshi/40edadaa-013a-44ac-bdd0-e7787032b2e2/xilinx/Vivado_HLS/2015.3/common/technology/generic/autopilot/op_simcore.gen "
@I [HLS-100] Command 'ap_source' returned 0; elapsed 0.001043Total elapsed time: 0.645 sec.
@I [HLS-100] Command "source /media/imranqureshi/40edadaa-013a-44ac-bdd0-e7787032b2e2/xilinx/Vivado_HLS/2015.3/common/technology/generic/autopilot/interface.gen "
@I [HLS-100] Command 'ap_source' returned 0; elapsed 9.8e-05Total elapsed time: 0.645 sec.
@I [HLS-100] Command "source /home/imranqureshi/TDL_homework/2_zynq_bram_QSPI_8bit_FIFO/git_sdk_work/edge2pulse/solution1/.autopilot/db/global.setting.tcl "
@I [HLS-100] Command 'ap_source' returned 0; elapsed 0.000178Total elapsed time: 0.645 sec.
@I [HLS-100] Command "source /media/imranqureshi/40edadaa-013a-44ac-bdd0-e7787032b2e2/xilinx/Vivado_HLS/2015.3/common/technology/xilinx/zynq/zynq.gen "
@I [HLS-100] Command "source /media/imranqureshi/40edadaa-013a-44ac-bdd0-e7787032b2e2/xilinx/Vivado_HLS/2015.3/common/technology/xilinx/common/virtex.gen "
@I [HLS-100] Command "source /media/imranqureshi/40edadaa-013a-44ac-bdd0-e7787032b2e2/xilinx/Vivado_HLS/2015.3/common/technology/xilinx/common/xilinx.gen "
@I [HLS-100] Command "source /media/imranqureshi/40edadaa-013a-44ac-bdd0-e7787032b2e2/xilinx/Vivado_HLS/2015.3/common/technology/xilinx/interface/plb46.gen "
@I [HLS-100] Command 'ap_source' returned 0; elapsed 0.001447Total elapsed time: 0.648 sec.
@I [HLS-100] Command "source /media/imranqureshi/40edadaa-013a-44ac-bdd0-e7787032b2e2/xilinx/Vivado_HLS/2015.3/common/technology/xilinx/interface/fsl.gen "
@I [HLS-100] Command 'ap_source' returned 0; elapsed 0.000607Total elapsed time: 0.648 sec.
@I [HLS-100] Command "source /media/imranqureshi/40edadaa-013a-44ac-bdd0-e7787032b2e2/xilinx/Vivado_HLS/2015.3/common/technology/xilinx/interface/axi4.gen "
@I [HLS-100] Command 'ap_source' returned 0; elapsed 0.002491Total elapsed time: 0.651 sec.
@I [HLS-100] Command "source /media/imranqureshi/40edadaa-013a-44ac-bdd0-e7787032b2e2/xilinx/Vivado_HLS/2015.3/common/technology/xilinx/interface/nativeAXI4.gen "
@I [HLS-100] Command "source /media/imranqureshi/40edadaa-013a-44ac-bdd0-e7787032b2e2/xilinx/Vivado_HLS/2015.3/common/technology/xilinx/interface/saxilite.gen "
@I [HLS-100] Command 'ap_source' returned 0; elapsed 0.004524Total elapsed time: 0.656 sec.
@I [HLS-100] Command "source /media/imranqureshi/40edadaa-013a-44ac-bdd0-e7787032b2e2/xilinx/Vivado_HLS/2015.3/common/technology/xilinx/interface/maxi.gen "
@I [HLS-100] Command 'ap_source' returned 0; elapsed 0.010279Total elapsed time: 0.666 sec.
@I [HLS-100] Command 'ap_source' returned 0; elapsed 0.01507Total elapsed time: 0.666 sec.
@I [HLS-100] Command "source /media/imranqureshi/40edadaa-013a-44ac-bdd0-e7787032b2e2/xilinx/Vivado_HLS/2015.3/common/technology/xilinx/scripts/xilinxcoregen.gen "
@I [HLS-100] Command 'ap_source' returned 0; elapsed 0.010802Total elapsed time: 0.677 sec.
@I [HLS-100] Command "source /media/imranqureshi/40edadaa-013a-44ac-bdd0-e7787032b2e2/xilinx/Vivado_HLS/2015.3/common/technology/xilinx/interface/XilEDKCoreGen.gen "
@I [HLS-100] Command 'ap_source' returned 0; elapsed 0.010329Total elapsed time: 0.687 sec.
@I [HLS-100] Command "source /media/imranqureshi/40edadaa-013a-44ac-bdd0-e7787032b2e2/xilinx/Vivado_HLS/2015.3/common/technology/xilinx/ip/util.gen "
@I [HLS-100] Command 'ap_source' returned 0; elapsed 0.000278Total elapsed time: 0.688 sec.
@I [HLS-100] Command "source /media/imranqureshi/40edadaa-013a-44ac-bdd0-e7787032b2e2/xilinx/Vivado_HLS/2015.3/common/technology/xilinx/ip/xfir.gen "
@I [HLS-100] Command 'ap_source' returned 0; elapsed 0.042032Total elapsed time: 0.730 sec.
@I [HLS-100] Command "source /media/imranqureshi/40edadaa-013a-44ac-bdd0-e7787032b2e2/xilinx/Vivado_HLS/2015.3/common/technology/xilinx/ip/xfft.gen "
@I [HLS-100] Command 'ap_source' returned 0; elapsed 0.136078Total elapsed time: 0.867 sec.
@I [HLS-100] Command "source /media/imranqureshi/40edadaa-013a-44ac-bdd0-e7787032b2e2/xilinx/Vivado_HLS/2015.3/common/technology/xilinx/ip/dds_compiler.gen "
@I [HLS-100] Command 'ap_source' returned 0; elapsed 0.004289Total elapsed time: 0.871 sec.
@I [HLS-100] Command 'ap_source' returned 0; elapsed 0.224596Total elapsed time: 0.871 sec.
@I [HLS-100] Command "source /media/imranqureshi/40edadaa-013a-44ac-bdd0-e7787032b2e2/xilinx/Vivado_HLS/2015.3/common/technology/xilinx/common/dsp48.gen "
@I [HLS-100] Command 'ap_source' returned 0; elapsed 0.00021Total elapsed time: 0.873 sec.
@I [HLS-100] Command 'ap_source' returned 0; elapsed 0.227031Total elapsed time: 0.873 sec.
@I [HLS-100] Command 'ap_source' returned 0; elapsed 0.227182Total elapsed time: 0.873 sec.
@I [HLS-100] Command "source /media/imranqureshi/40edadaa-013a-44ac-bdd0-e7787032b2e2/xilinx/Vivado_HLS/2015.3/common/technology/xilinx/zynq/zynq_fpv6.gen "
@I [HLS-100] Command "source /media/imranqureshi/40edadaa-013a-44ac-bdd0-e7787032b2e2/xilinx/Vivado_HLS/2015.3/common/technology/xilinx/common/xilinx_fpv6.gen "
@I [HLS-100] Command 'ap_source' returned 0; elapsed 0.001882Total elapsed time: 0.875 sec.
@I [HLS-100] Command 'ap_source' returned 0; elapsed 0.002044Total elapsed time: 0.875 sec.
@I [HLS-100] Command "source /home/imranqureshi/TDL_homework/2_zynq_bram_QSPI_8bit_FIFO/git_sdk_work/edge2pulse/solution1/.autopilot/db/global.setting.tcl "
@I [HLS-100] Command 'ap_source' returned 0; elapsed 0.000239Total elapsed time: 0.876 sec.
@I [IMPL-8] Exporting RTL as an IP in IP-XACT.
@I [HLS-100] Command "source /home/imranqureshi/TDL_homework/2_zynq_bram_QSPI_8bit_FIFO/git_sdk_work/edge2pulse/solution1/.autopilot/db/global.setting.tcl "
@I [HLS-100] Command 'ap_source' returned 0; elapsed 0.0002Total elapsed time: 0.877 sec.
@I [HLS-100] Command "source /home/imranqureshi/TDL_homework/2_zynq_bram_QSPI_8bit_FIFO/git_sdk_work/edge2pulse/solution1/.autopilot/db/global.setting.tcl "
@I [HLS-100] Command 'ap_source' returned 0; elapsed 0.000224Total elapsed time: 0.883 sec.
@I [HLS-100] Command "source /media/imranqureshi/40edadaa-013a-44ac-bdd0-e7787032b2e2/xilinx/Vivado_HLS/2015.3/common/technology/generic/autopilot/common.gen "
@I [HLS-100] Command "source /media/imranqureshi/40edadaa-013a-44ac-bdd0-e7787032b2e2/xilinx/Vivado_HLS/2015.3/common/technology/generic/autopilot/APCoreGen.gen "
@I [HLS-100] Command 'ap_source' returned 0; elapsed 0.000635Total elapsed time: 0.884 sec.
@I [HLS-100] Command 'ap_source' returned 0; elapsed 0.001336Total elapsed time: 0.885 sec.
@I [HLS-100] Command "source /media/imranqureshi/40edadaa-013a-44ac-bdd0-e7787032b2e2/xilinx/Vivado_HLS/2015.3/common/technology/generic/autopilot/op.gen "
@I [HLS-100] Command 'ap_source' returned 0; elapsed 0.000367Total elapsed time: 0.885 sec.
@I [HLS-100] Command "source /media/imranqureshi/40edadaa-013a-44ac-bdd0-e7787032b2e2/xilinx/Vivado_HLS/2015.3/common/technology/generic/autopilot/op_simcore.gen "
@I [HLS-100] Command 'ap_source' returned 0; elapsed 0.00119Total elapsed time: 0.887 sec.
@I [HLS-100] Command "source /media/imranqureshi/40edadaa-013a-44ac-bdd0-e7787032b2e2/xilinx/Vivado_HLS/2015.3/common/technology/generic/autopilot/interface.gen "
@I [HLS-100] Command 'ap_source' returned 0; elapsed 0.000118Total elapsed time: 0.887 sec.
@I [HLS-100] Command "source /home/imranqureshi/TDL_homework/2_zynq_bram_QSPI_8bit_FIFO/git_sdk_work/edge2pulse/solution1/.autopilot/db/global.setting.tcl "
@I [HLS-100] Command 'ap_source' returned 0; elapsed 0.000193Total elapsed time: 0.887 sec.
@I [HLS-100] Command "source /media/imranqureshi/40edadaa-013a-44ac-bdd0-e7787032b2e2/xilinx/Vivado_HLS/2015.3/common/technology/xilinx/zynq/zynq.gen "
@I [HLS-100] Command "source /media/imranqureshi/40edadaa-013a-44ac-bdd0-e7787032b2e2/xilinx/Vivado_HLS/2015.3/common/technology/xilinx/common/virtex.gen "
@I [HLS-100] Command "source /media/imranqureshi/40edadaa-013a-44ac-bdd0-e7787032b2e2/xilinx/Vivado_HLS/2015.3/common/technology/xilinx/common/xilinx.gen "
@I [HLS-100] Command "source /media/imranqureshi/40edadaa-013a-44ac-bdd0-e7787032b2e2/xilinx/Vivado_HLS/2015.3/common/technology/xilinx/interface/plb46.gen "
@I [HLS-100] Command 'ap_source' returned 0; elapsed 0.001185Total elapsed time: 0.889 sec.
@I [HLS-100] Command "source /media/imranqureshi/40edadaa-013a-44ac-bdd0-e7787032b2e2/xilinx/Vivado_HLS/2015.3/common/technology/xilinx/interface/fsl.gen "
@I [HLS-100] Command 'ap_source' returned 0; elapsed 0.000526Total elapsed time: 0.890 sec.
@I [HLS-100] Command "source /media/imranqureshi/40edadaa-013a-44ac-bdd0-e7787032b2e2/xilinx/Vivado_HLS/2015.3/common/technology/xilinx/interface/axi4.gen "
@I [HLS-100] Command 'ap_source' returned 0; elapsed 0.00326Total elapsed time: 0.893 sec.
@I [HLS-100] Command "source /media/imranqureshi/40edadaa-013a-44ac-bdd0-e7787032b2e2/xilinx/Vivado_HLS/2015.3/common/technology/xilinx/interface/nativeAXI4.gen "
@I [HLS-100] Command "source /media/imranqureshi/40edadaa-013a-44ac-bdd0-e7787032b2e2/xilinx/Vivado_HLS/2015.3/common/technology/xilinx/interface/saxilite.gen "
@I [HLS-100] Command 'ap_source' returned 0; elapsed 0.005461Total elapsed time: 0.899 sec.
@I [HLS-100] Command "source /media/imranqureshi/40edadaa-013a-44ac-bdd0-e7787032b2e2/xilinx/Vivado_HLS/2015.3/common/technology/xilinx/interface/maxi.gen "
@I [HLS-100] Command 'ap_source' returned 0; elapsed 0.008187Total elapsed time: 0.907 sec.
@I [HLS-100] Command 'ap_source' returned 0; elapsed 0.013952Total elapsed time: 0.907 sec.
@I [HLS-100] Command "source /media/imranqureshi/40edadaa-013a-44ac-bdd0-e7787032b2e2/xilinx/Vivado_HLS/2015.3/common/technology/xilinx/scripts/xilinxcoregen.gen "
@I [HLS-100] Command 'ap_source' returned 0; elapsed 0.010595Total elapsed time: 0.918 sec.
@I [HLS-100] Command "source /media/imranqureshi/40edadaa-013a-44ac-bdd0-e7787032b2e2/xilinx/Vivado_HLS/2015.3/common/technology/xilinx/interface/XilEDKCoreGen.gen "
@I [HLS-100] Command 'ap_source' returned 0; elapsed 0.010092Total elapsed time: 0.928 sec.
@I [HLS-100] Command "source /media/imranqureshi/40edadaa-013a-44ac-bdd0-e7787032b2e2/xilinx/Vivado_HLS/2015.3/common/technology/xilinx/ip/util.gen "
@I [HLS-100] Command 'ap_source' returned 0; elapsed 0.000225Total elapsed time: 0.929 sec.
@I [HLS-100] Command "source /media/imranqureshi/40edadaa-013a-44ac-bdd0-e7787032b2e2/xilinx/Vivado_HLS/2015.3/common/technology/xilinx/ip/xfir.gen "
@I [HLS-100] Command 'ap_source' returned 0; elapsed 0.042244Total elapsed time: 0.971 sec.
@I [HLS-100] Command "source /media/imranqureshi/40edadaa-013a-44ac-bdd0-e7787032b2e2/xilinx/Vivado_HLS/2015.3/common/technology/xilinx/ip/xfft.gen "
@I [HLS-100] Command 'ap_source' returned 0; elapsed 0.15273Total elapsed time: 1.125 sec.
@I [HLS-100] Command "source /media/imranqureshi/40edadaa-013a-44ac-bdd0-e7787032b2e2/xilinx/Vivado_HLS/2015.3/common/technology/xilinx/ip/dds_compiler.gen "
@I [HLS-100] Command 'ap_source' returned 0; elapsed 0.005397Total elapsed time: 1.130 sec.
@I [HLS-100] Command 'ap_source' returned 0; elapsed 0.24142Total elapsed time: 1.130 sec.
@I [HLS-100] Command "source /media/imranqureshi/40edadaa-013a-44ac-bdd0-e7787032b2e2/xilinx/Vivado_HLS/2015.3/common/technology/xilinx/common/dsp48.gen "
@I [HLS-100] Command 'ap_source' returned 0; elapsed 0.000239Total elapsed time: 1.132 sec.
@I [HLS-100] Command 'ap_source' returned 0; elapsed 0.243899Total elapsed time: 1.133 sec.
@I [HLS-100] Command 'ap_source' returned 0; elapsed 0.244055Total elapsed time: 1.133 sec.
@I [HLS-100] Command "source /media/imranqureshi/40edadaa-013a-44ac-bdd0-e7787032b2e2/xilinx/Vivado_HLS/2015.3/common/technology/xilinx/zynq/zynq_fpv6.gen "
@I [HLS-100] Command "source /media/imranqureshi/40edadaa-013a-44ac-bdd0-e7787032b2e2/xilinx/Vivado_HLS/2015.3/common/technology/xilinx/common/xilinx_fpv6.gen "
@I [HLS-100] Command 'ap_source' returned 0; elapsed 0.001801Total elapsed time: 1.135 sec.
@I [HLS-100] Command 'ap_source' returned 0; elapsed 0.001954Total elapsed time: 1.135 sec.
@I [HLS-100] Command "source /home/imranqureshi/TDL_homework/2_zynq_bram_QSPI_8bit_FIFO/git_sdk_work/edge2pulse/solution1/.autopilot/db/global.setting.tcl "
@I [HLS-100] Command 'ap_source' returned 0; elapsed 0.000201Total elapsed time: 1.135 sec.
@I [HLS-100] Command "source /home/imranqureshi/TDL_homework/2_zynq_bram_QSPI_8bit_FIFO/git_sdk_work/edge2pulse/solution1/.autopilot/db/global.setting.tcl "
@I [HLS-100] Command 'ap_source' returned 0; elapsed 0.00017Total elapsed time: 1.136 sec.
@I [HLS-100] Command "source /home/imranqureshi/TDL_homework/2_zynq_bram_QSPI_8bit_FIFO/git_sdk_work/edge2pulse/solution1/.autopilot/db/edge2pulse.compgen.tcl "
@I [HLS-100] Command 'ap_source' returned 0; elapsed 0.000142Total elapsed time: 1.136 sec.
@I [HLS-100] Command "source /home/imranqureshi/TDL_homework/2_zynq_bram_QSPI_8bit_FIFO/git_sdk_work/edge2pulse/solution1/.autopilot/db/global.setting.tcl "
@I [HLS-100] Command 'ap_source' returned 0; elapsed 0.000203Total elapsed time: 1.138 sec.
@I [HLS-100] Command "source /home/imranqureshi/TDL_homework/2_zynq_bram_QSPI_8bit_FIFO/git_sdk_work/edge2pulse/solution1/.autopilot/db/global.setting.tcl "
@I [HLS-100] Command 'ap_source' returned 0; elapsed 0.000165Total elapsed time: 1.138 sec.
@I [HLS-100] Command "source /home/imranqureshi/TDL_homework/2_zynq_bram_QSPI_8bit_FIFO/git_sdk_work/edge2pulse/solution1/.autopilot/db/edge2pulse.compgen.tcl "
@I [HLS-100] Command "source /home/imranqureshi/TDL_homework/2_zynq_bram_QSPI_8bit_FIFO/git_sdk_work/edge2pulse/solution1/.autopilot/db/edge2pulse.rtl_wrap.cfg.tcl "
@I [HLS-100] Command 'ap_source' returned 0; elapsed 0.000185Total elapsed time: 1.139 sec.
@I [HLS-100] Command "source /home/imranqureshi/TDL_homework/2_zynq_bram_QSPI_8bit_FIFO/git_sdk_work/edge2pulse/solution1/.autopilot/db/edge2pulse.rtl_wrap.cfg.tcl "
@I [HLS-100] Command 'ap_source' returned 0; elapsed 0.000197Total elapsed time: 1.140 sec.
@I [HLS-100] Command "source /home/imranqureshi/TDL_homework/2_zynq_bram_QSPI_8bit_FIFO/git_sdk_work/edge2pulse/solution1/.autopilot/db/edge2pulse.rtl_wrap.cfg.tcl "
@I [HLS-100] Command 'ap_source' returned 0; elapsed 0.000188Total elapsed time: 1.140 sec.
@I [HLS-100] Command "source /home/imranqureshi/TDL_homework/2_zynq_bram_QSPI_8bit_FIFO/git_sdk_work/edge2pulse/solution1/.autopilot/db/edge2pulse.tbgen.tcl "
@I [HLS-100] Command 'ap_source' returned 0; elapsed 0.00014Total elapsed time: 1.141 sec.
@I [HLS-100] Command "source /home/imranqureshi/TDL_homework/2_zynq_bram_QSPI_8bit_FIFO/git_sdk_work/edge2pulse/solution1/.autopilot/db/edge2pulse.tbgen.tcl "
@I [HLS-100] Command 'ap_source' returned 0; elapsed 0.000124Total elapsed time: 1.141 sec.
@I [HLS-100] Command 'ap_source' returned 0; elapsed 0.023991Total elapsed time: 1.163 sec.
@I [HLS-100] Command "source /home/imranqureshi/TDL_homework/2_zynq_bram_QSPI_8bit_FIFO/git_sdk_work/edge2pulse/solution1/.autopilot/db/global.setting.tcl "
@I [HLS-100] Command 'ap_source' returned 0; elapsed 0.00022Total elapsed time: 1.170 sec.
@I [HLS-100] Command "source /home/imranqureshi/TDL_homework/2_zynq_bram_QSPI_8bit_FIFO/git_sdk_work/edge2pulse/solution1/.autopilot/db/global.setting.tcl "
@I [HLS-100] Command 'ap_source' returned 0; elapsed 0.000169Total elapsed time: 1.170 sec.
@I [HLS-100] Command "source /home/imranqureshi/TDL_homework/2_zynq_bram_QSPI_8bit_FIFO/git_sdk_work/edge2pulse/solution1/.autopilot/db/edge2pulse.compgen.tcl "
@I [HLS-100] Command 'ap_source' returned 0; elapsed 0.00014Total elapsed time: 1.171 sec.
@I [HLS-100] Command "source /home/imranqureshi/TDL_homework/2_zynq_bram_QSPI_8bit_FIFO/git_sdk_work/edge2pulse/solution1/.autopilot/db/global.setting.tcl "
@I [HLS-100] Command 'ap_source' returned 0; elapsed 0.000224Total elapsed time: 1.258 sec.
@I [HLS-100] Command "source /home/imranqureshi/TDL_homework/2_zynq_bram_QSPI_8bit_FIFO/git_sdk_work/edge2pulse/solution1/.autopilot/db/edge2pulse.constraint.tcl "
@I [HLS-100] Command 'ap_source' returned 0; elapsed 9.6e-05Total elapsed time: 1.259 sec.
@I [HLS-100] Command "source /home/imranqureshi/TDL_homework/2_zynq_bram_QSPI_8bit_FIFO/git_sdk_work/edge2pulse/solution1/.autopilot/db/edge2pulse.rtl_wrap.cfg.tcl "
@I [HLS-100] Command 'ap_source' returned 0; elapsed 0.000351Total elapsed time: 1.280 sec.
@I [HLS-100] Command "source /home/imranqureshi/TDL_homework/2_zynq_bram_QSPI_8bit_FIFO/git_sdk_work/edge2pulse/solution1/.autopilot/db/edge2pulse.rtl_wrap.cfg.tcl "
@I [HLS-100] Command 'ap_source' returned 0; elapsed 0.000244Total elapsed time: 1.281 sec.
@I [HLS-100] Command "source /home/imranqureshi/TDL_homework/2_zynq_bram_QSPI_8bit_FIFO/git_sdk_work/edge2pulse/solution1/.autopilot/db/edge2pulse.rtl_wrap.cfg.tcl "
@I [HLS-100] Command 'ap_source' returned 0; elapsed 0.00025Total elapsed time: 1.281 sec.
@I [HLS-100] Command "source /home/imranqureshi/TDL_homework/2_zynq_bram_QSPI_8bit_FIFO/git_sdk_work/edge2pulse/solution1/.autopilot/db/edge2pulse.tbgen.tcl "
@I [HLS-100] Command 'ap_source' returned 0; elapsed 0.000167Total elapsed time: 1.281 sec.
@I [HLS-100] Command "source /home/imranqureshi/TDL_homework/2_zynq_bram_QSPI_8bit_FIFO/git_sdk_work/edge2pulse/solution1/.autopilot/db/edge2pulse.tbgen.tcl "
@I [HLS-100] Command 'ap_source' returned 0; elapsed 0.000159Total elapsed time: 1.282 sec.
@I [HLS-100] Command "source /home/imranqureshi/TDL_homework/2_zynq_bram_QSPI_8bit_FIFO/git_sdk_work/edge2pulse/solution1/.autopilot/db/global.setting.tcl "
@I [HLS-100] Command 'ap_source' returned 0; elapsed 0.000214Total elapsed time: 1.321 sec.
@I [HLS-100] Command "source /home/imranqureshi/TDL_homework/2_zynq_bram_QSPI_8bit_FIFO/git_sdk_work/edge2pulse/solution1/.autopilot/db/global.setting.tcl "
@I [HLS-100] Command 'ap_source' returned 0; elapsed 0.00018Total elapsed time: 1.323 sec.
@I [HLS-100] Command "source /home/imranqureshi/TDL_homework/2_zynq_bram_QSPI_8bit_FIFO/git_sdk_work/edge2pulse/solution1/.autopilot/db/edge2pulse.rtl_wrap.cfg.tcl "
@I [HLS-100] Command 'ap_source' returned 0; elapsed 0.000285Total elapsed time: 1.325 sec.
@I [HLS-100] Command "source /home/imranqureshi/TDL_homework/2_zynq_bram_QSPI_8bit_FIFO/git_sdk_work/edge2pulse/solution1/.autopilot/db/edge2pulse.rtl_wrap.cfg.tcl "
@I [HLS-100] Command 'ap_source' returned 0; elapsed 0.000245Total elapsed time: 1.325 sec.
@I [HLS-100] Command "source /home/imranqureshi/TDL_homework/2_zynq_bram_QSPI_8bit_FIFO/git_sdk_work/edge2pulse/solution1/.autopilot/db/edge2pulse.tbgen.tcl "
@I [HLS-100] Command 'ap_source' returned 0; elapsed 0.000183Total elapsed time: 1.325 sec.
@I [HLS-100] Command "source /home/imranqureshi/TDL_homework/2_zynq_bram_QSPI_8bit_FIFO/git_sdk_work/edge2pulse/solution1/.autopilot/db/edge2pulse.tbgen.tcl "
@I [HLS-100] Command 'ap_source' returned 0; elapsed 0.000202Total elapsed time: 1.326 sec.
@I [HLS-100] Command "source /home/imranqureshi/TDL_homework/2_zynq_bram_QSPI_8bit_FIFO/git_sdk_work/edge2pulse/solution1/.autopilot/db/edge2pulse.rtl_wrap.cfg.tcl "
@I [HLS-100] Command 'ap_source' returned 0; elapsed 0.000397Total elapsed time: 1.345 sec.
@I [HLS-100] Command "source /home/imranqureshi/TDL_homework/2_zynq_bram_QSPI_8bit_FIFO/git_sdk_work/edge2pulse/solution1/.autopilot/db/edge2pulse.rtl_wrap.cfg.tcl "
@I [HLS-100] Command 'ap_source' returned 0; elapsed 0.000327Total elapsed time: 1.345 sec.
@I [HLS-100] Command "source /home/imranqureshi/TDL_homework/2_zynq_bram_QSPI_8bit_FIFO/git_sdk_work/edge2pulse/solution1/.autopilot/db/edge2pulse.tbgen.tcl "
@I [HLS-100] Command 'ap_source' returned 0; elapsed 0.000227Total elapsed time: 1.346 sec.
@I [HLS-100] Command "source /home/imranqureshi/TDL_homework/2_zynq_bram_QSPI_8bit_FIFO/git_sdk_work/edge2pulse/solution1/.autopilot/db/edge2pulse.tbgen.tcl "
@I [HLS-100] Command 'ap_source' returned 0; elapsed 0.000199Total elapsed time: 1.346 sec.
@I [HLS-100] Command "source /home/imranqureshi/TDL_homework/2_zynq_bram_QSPI_8bit_FIFO/git_sdk_work/edge2pulse/solution1/.autopilot/db/edge2pulse.rtl_wrap.cfg.tcl "
@I [HLS-100] Command 'ap_source' returned 0; elapsed 0.000315Total elapsed time: 1.359 sec.
@I [HLS-100] Command "source /home/imranqureshi/TDL_homework/2_zynq_bram_QSPI_8bit_FIFO/git_sdk_work/edge2pulse/solution1/.autopilot/db/edge2pulse.rtl_wrap.cfg.tcl "
@I [HLS-100] Command 'ap_source' returned 0; elapsed 0.000226Total elapsed time: 1.359 sec.
@I [HLS-100] Command "source /home/imranqureshi/TDL_homework/2_zynq_bram_QSPI_8bit_FIFO/git_sdk_work/edge2pulse/solution1/.autopilot/db/edge2pulse.tbgen.tcl "
@I [HLS-100] Command 'ap_source' returned 0; elapsed 0.000132Total elapsed time: 1.359 sec.
@I [HLS-100] Command "source /home/imranqureshi/TDL_homework/2_zynq_bram_QSPI_8bit_FIFO/git_sdk_work/edge2pulse/solution1/.autopilot/db/edge2pulse.tbgen.tcl "
@I [HLS-100] Command 'ap_source' returned 0; elapsed 0.000141Total elapsed time: 1.360 sec.
@I [HLS-100] Command "source /home/imranqureshi/TDL_homework/2_zynq_bram_QSPI_8bit_FIFO/git_sdk_work/edge2pulse/solution1/.autopilot/db/edge2pulse.constraint.tcl "
@I [HLS-100] Command 'ap_source' returned 0; elapsed 0.000118Total elapsed time: 1.368 sec.
@I [HLS-100] Command "source /home/imranqureshi/TDL_homework/2_zynq_bram_QSPI_8bit_FIFO/git_sdk_work/edge2pulse/solution1/.autopilot/db/global.setting.tcl "
@I [HLS-100] Command 'ap_source' returned 0; elapsed 0.000233Total elapsed time: 1.403 sec.
@I [HLS-100] Command "source /home/imranqureshi/TDL_homework/2_zynq_bram_QSPI_8bit_FIFO/git_sdk_work/edge2pulse/solution1/.autopilot/db/global.setting.tcl "
@I [HLS-100] Command 'ap_source' returned 0; elapsed 0.000232Total elapsed time: 1.428 sec.
@I [HLS-100] Command "source /home/imranqureshi/TDL_homework/2_zynq_bram_QSPI_8bit_FIFO/git_sdk_work/edge2pulse/solution1/.autopilot/db/edge2pulse.constraint.tcl "
@I [HLS-100] Command 'ap_source' returned 0; elapsed 0.000101Total elapsed time: 1.428 sec.
@I [HLS-100] Command "source /home/imranqureshi/TDL_homework/2_zynq_bram_QSPI_8bit_FIFO/git_sdk_work/edge2pulse/solution1/.autopilot/db/edge2pulse.constraint.tcl "
@I [HLS-100] Command 'ap_source' returned 0; elapsed 8.6e-05Total elapsed time: 1.429 sec.
@I [HLS-100] Command "source /media/imranqureshi/40edadaa-013a-44ac-bdd0-e7787032b2e2/xilinx/Vivado_HLS/2015.3/common/technology/generic/autopilot/common.gen "
@I [HLS-100] Command "source /media/imranqureshi/40edadaa-013a-44ac-bdd0-e7787032b2e2/xilinx/Vivado_HLS/2015.3/common/technology/generic/autopilot/APCoreGen.gen "
@I [HLS-100] Command 'ap_source' returned 0; elapsed 0.000991Total elapsed time: 1.433 sec.
@I [HLS-100] Command 'ap_source' returned 0; elapsed 0.00223Total elapsed time: 1.434 sec.
@I [HLS-100] Command "source /media/imranqureshi/40edadaa-013a-44ac-bdd0-e7787032b2e2/xilinx/Vivado_HLS/2015.3/common/technology/generic/autopilot/op.gen "
@I [HLS-100] Command 'ap_source' returned 0; elapsed 0.000556Total elapsed time: 1.435 sec.
@I [HLS-100] Command "source /media/imranqureshi/40edadaa-013a-44ac-bdd0-e7787032b2e2/xilinx/Vivado_HLS/2015.3/common/technology/generic/autopilot/op_simcore.gen "
@I [HLS-100] Command 'ap_source' returned 0; elapsed 0.001243Total elapsed time: 1.436 sec.
@I [HLS-100] Command "source /media/imranqureshi/40edadaa-013a-44ac-bdd0-e7787032b2e2/xilinx/Vivado_HLS/2015.3/common/technology/generic/autopilot/interface.gen "
@I [HLS-100] Command 'ap_source' returned 0; elapsed 0.000168Total elapsed time: 1.437 sec.
@I [HLS-100] Command "source /home/imranqureshi/TDL_homework/2_zynq_bram_QSPI_8bit_FIFO/git_sdk_work/edge2pulse/solution1/.autopilot/db/global.setting.tcl "
@I [HLS-100] Command 'ap_source' returned 0; elapsed 0.000245Total elapsed time: 1.437 sec.
@I [HLS-100] Command "source /media/imranqureshi/40edadaa-013a-44ac-bdd0-e7787032b2e2/xilinx/Vivado_HLS/2015.3/common/technology/xilinx/zynq/zynq.gen "
@I [HLS-100] Command "source /media/imranqureshi/40edadaa-013a-44ac-bdd0-e7787032b2e2/xilinx/Vivado_HLS/2015.3/common/technology/xilinx/common/virtex.gen "
@I [HLS-100] Command "source /media/imranqureshi/40edadaa-013a-44ac-bdd0-e7787032b2e2/xilinx/Vivado_HLS/2015.3/common/technology/xilinx/common/xilinx.gen "
@I [HLS-100] Command "source /media/imranqureshi/40edadaa-013a-44ac-bdd0-e7787032b2e2/xilinx/Vivado_HLS/2015.3/common/technology/xilinx/interface/plb46.gen "
@I [HLS-100] Command 'ap_source' returned 0; elapsed 0.001265Total elapsed time: 1.439 sec.
@I [HLS-100] Command "source /media/imranqureshi/40edadaa-013a-44ac-bdd0-e7787032b2e2/xilinx/Vivado_HLS/2015.3/common/technology/xilinx/interface/fsl.gen "
@I [HLS-100] Command 'ap_source' returned 0; elapsed 0.000588Total elapsed time: 1.440 sec.
@I [HLS-100] Command "source /media/imranqureshi/40edadaa-013a-44ac-bdd0-e7787032b2e2/xilinx/Vivado_HLS/2015.3/common/technology/xilinx/interface/axi4.gen "
@I [HLS-100] Command 'ap_source' returned 0; elapsed 0.002721Total elapsed time: 1.442 sec.
@I [HLS-100] Command "source /media/imranqureshi/40edadaa-013a-44ac-bdd0-e7787032b2e2/xilinx/Vivado_HLS/2015.3/common/technology/xilinx/interface/nativeAXI4.gen "
@I [HLS-100] Command "source /media/imranqureshi/40edadaa-013a-44ac-bdd0-e7787032b2e2/xilinx/Vivado_HLS/2015.3/common/technology/xilinx/interface/saxilite.gen "
@I [HLS-100] Command 'ap_source' returned 0; elapsed 0.005392Total elapsed time: 1.448 sec.
@I [HLS-100] Command "source /media/imranqureshi/40edadaa-013a-44ac-bdd0-e7787032b2e2/xilinx/Vivado_HLS/2015.3/common/technology/xilinx/interface/maxi.gen "
@I [HLS-100] Command 'ap_source' returned 0; elapsed 0.00922Total elapsed time: 1.457 sec.
@I [HLS-100] Command 'ap_source' returned 0; elapsed 0.014959Total elapsed time: 1.457 sec.
@I [HLS-100] Command "source /media/imranqureshi/40edadaa-013a-44ac-bdd0-e7787032b2e2/xilinx/Vivado_HLS/2015.3/common/technology/xilinx/scripts/xilinxcoregen.gen "
@I [HLS-100] Command 'ap_source' returned 0; elapsed 0.012739Total elapsed time: 1.470 sec.
@I [HLS-100] Command "source /media/imranqureshi/40edadaa-013a-44ac-bdd0-e7787032b2e2/xilinx/Vivado_HLS/2015.3/common/technology/xilinx/interface/XilEDKCoreGen.gen "
@I [HLS-100] Command 'ap_source' returned 0; elapsed 0.012554Total elapsed time: 1.483 sec.
@I [HLS-100] Command "source /media/imranqureshi/40edadaa-013a-44ac-bdd0-e7787032b2e2/xilinx/Vivado_HLS/2015.3/common/technology/xilinx/ip/util.gen "
@I [HLS-100] Command 'ap_source' returned 0; elapsed 0.000259Total elapsed time: 1.484 sec.
@I [HLS-100] Command "source /media/imranqureshi/40edadaa-013a-44ac-bdd0-e7787032b2e2/xilinx/Vivado_HLS/2015.3/common/technology/xilinx/ip/xfir.gen "
@I [HLS-100] Command 'ap_source' returned 0; elapsed 0.045158Total elapsed time: 1.529 sec.
@I [HLS-100] Command "source /media/imranqureshi/40edadaa-013a-44ac-bdd0-e7787032b2e2/xilinx/Vivado_HLS/2015.3/common/technology/xilinx/ip/xfft.gen "
@I [HLS-100] Command 'ap_source' returned 0; elapsed 0.148541Total elapsed time: 1.678 sec.
@I [HLS-100] Command "source /media/imranqureshi/40edadaa-013a-44ac-bdd0-e7787032b2e2/xilinx/Vivado_HLS/2015.3/common/technology/xilinx/ip/dds_compiler.gen "
@I [HLS-100] Command 'ap_source' returned 0; elapsed 0.007166Total elapsed time: 1.685 sec.
@I [HLS-100] Command 'ap_source' returned 0; elapsed 0.247391Total elapsed time: 1.685 sec.
@I [HLS-100] Command "source /media/imranqureshi/40edadaa-013a-44ac-bdd0-e7787032b2e2/xilinx/Vivado_HLS/2015.3/common/technology/xilinx/common/dsp48.gen "
@I [HLS-100] Command 'ap_source' returned 0; elapsed 0.000321Total elapsed time: 1.688 sec.
@I [HLS-100] Command 'ap_source' returned 0; elapsed 0.250862Total elapsed time: 1.689 sec.
@I [HLS-100] Command 'ap_source' returned 0; elapsed 0.251131Total elapsed time: 1.689 sec.
@I [HLS-100] Command "source /media/imranqureshi/40edadaa-013a-44ac-bdd0-e7787032b2e2/xilinx/Vivado_HLS/2015.3/common/technology/xilinx/zynq/zynq_fpv6.gen "
@I [HLS-100] Command "source /media/imranqureshi/40edadaa-013a-44ac-bdd0-e7787032b2e2/xilinx/Vivado_HLS/2015.3/common/technology/xilinx/common/xilinx_fpv6.gen "
@I [HLS-100] Command 'ap_source' returned 0; elapsed 0.001977Total elapsed time: 1.691 sec.
@I [HLS-100] Command 'ap_source' returned 0; elapsed 0.002197Total elapsed time: 1.691 sec.
@I [HLS-100] Command "source /home/imranqureshi/TDL_homework/2_zynq_bram_QSPI_8bit_FIFO/git_sdk_work/edge2pulse/solution1/.autopilot/db/global.setting.tcl "
@I [HLS-100] Command 'ap_source' returned 0; elapsed 0.000302Total elapsed time: 29.954 sec.
@I [HLS-100] Command "source /media/imranqureshi/40edadaa-013a-44ac-bdd0-e7787032b2e2/xilinx/Vivado_HLS/2015.3/common/technology/generic/autopilot/common.gen "
@I [HLS-100] Command "source /media/imranqureshi/40edadaa-013a-44ac-bdd0-e7787032b2e2/xilinx/Vivado_HLS/2015.3/common/technology/generic/autopilot/APCoreGen.gen "
@I [HLS-100] Command 'ap_source' returned 0; elapsed 0.000726Total elapsed time: 29.959 sec.
@I [HLS-100] Command 'ap_source' returned 0; elapsed 0.001564Total elapsed time: 29.960 sec.
@I [HLS-100] Command "source /media/imranqureshi/40edadaa-013a-44ac-bdd0-e7787032b2e2/xilinx/Vivado_HLS/2015.3/common/technology/generic/autopilot/op.gen "
@I [HLS-100] Command 'ap_source' returned 0; elapsed 0.000424Total elapsed time: 29.961 sec.
@I [HLS-100] Command "source /media/imranqureshi/40edadaa-013a-44ac-bdd0-e7787032b2e2/xilinx/Vivado_HLS/2015.3/common/technology/generic/autopilot/op_simcore.gen "
@I [HLS-100] Command 'ap_source' returned 0; elapsed 0.001191Total elapsed time: 29.962 sec.
@I [HLS-100] Command "source /media/imranqureshi/40edadaa-013a-44ac-bdd0-e7787032b2e2/xilinx/Vivado_HLS/2015.3/common/technology/generic/autopilot/interface.gen "
@I [HLS-100] Command 'ap_source' returned 0; elapsed 0.000119Total elapsed time: 29.962 sec.
@I [HLS-100] Command "source /home/imranqureshi/TDL_homework/2_zynq_bram_QSPI_8bit_FIFO/git_sdk_work/edge2pulse/solution1/.autopilot/db/global.setting.tcl "
@I [HLS-100] Command 'ap_source' returned 0; elapsed 0.000196Total elapsed time: 29.962 sec.
@I [HLS-100] Command "source /media/imranqureshi/40edadaa-013a-44ac-bdd0-e7787032b2e2/xilinx/Vivado_HLS/2015.3/common/technology/xilinx/zynq/zynq.gen "
@I [HLS-100] Command "source /media/imranqureshi/40edadaa-013a-44ac-bdd0-e7787032b2e2/xilinx/Vivado_HLS/2015.3/common/technology/xilinx/common/virtex.gen "
@I [HLS-100] Command "source /media/imranqureshi/40edadaa-013a-44ac-bdd0-e7787032b2e2/xilinx/Vivado_HLS/2015.3/common/technology/xilinx/common/xilinx.gen "
@I [HLS-100] Command "source /media/imranqureshi/40edadaa-013a-44ac-bdd0-e7787032b2e2/xilinx/Vivado_HLS/2015.3/common/technology/xilinx/interface/plb46.gen "
@I [HLS-100] Command 'ap_source' returned 0; elapsed 0.001367Total elapsed time: 29.964 sec.
@I [HLS-100] Command "source /media/imranqureshi/40edadaa-013a-44ac-bdd0-e7787032b2e2/xilinx/Vivado_HLS/2015.3/common/technology/xilinx/interface/fsl.gen "
@I [HLS-100] Command 'ap_source' returned 0; elapsed 0.000597Total elapsed time: 29.965 sec.
@I [HLS-100] Command "source /media/imranqureshi/40edadaa-013a-44ac-bdd0-e7787032b2e2/xilinx/Vivado_HLS/2015.3/common/technology/xilinx/interface/axi4.gen "
@I [HLS-100] Command 'ap_source' returned 0; elapsed 0.002781Total elapsed time: 29.968 sec.
@I [HLS-100] Command "source /media/imranqureshi/40edadaa-013a-44ac-bdd0-e7787032b2e2/xilinx/Vivado_HLS/2015.3/common/technology/xilinx/interface/nativeAXI4.gen "
@I [HLS-100] Command "source /media/imranqureshi/40edadaa-013a-44ac-bdd0-e7787032b2e2/xilinx/Vivado_HLS/2015.3/common/technology/xilinx/interface/saxilite.gen "
@I [HLS-100] Command 'ap_source' returned 0; elapsed 0.00472Total elapsed time: 29.973 sec.
@I [HLS-100] Command "source /media/imranqureshi/40edadaa-013a-44ac-bdd0-e7787032b2e2/xilinx/Vivado_HLS/2015.3/common/technology/xilinx/interface/maxi.gen "
@I [HLS-100] Command 'ap_source' returned 0; elapsed 0.009029Total elapsed time: 29.982 sec.
@I [HLS-100] Command 'ap_source' returned 0; elapsed 0.014132Total elapsed time: 29.982 sec.
@I [HLS-100] Command "source /media/imranqureshi/40edadaa-013a-44ac-bdd0-e7787032b2e2/xilinx/Vivado_HLS/2015.3/common/technology/xilinx/scripts/xilinxcoregen.gen "
@I [HLS-100] Command 'ap_source' returned 0; elapsed 0.011513Total elapsed time: 29.994 sec.
@I [HLS-100] Command "source /media/imranqureshi/40edadaa-013a-44ac-bdd0-e7787032b2e2/xilinx/Vivado_HLS/2015.3/common/technology/xilinx/interface/XilEDKCoreGen.gen "
@I [HLS-100] Command 'ap_source' returned 0; elapsed 0.010438Total elapsed time: 30.4 sec.
@I [HLS-100] Command "source /media/imranqureshi/40edadaa-013a-44ac-bdd0-e7787032b2e2/xilinx/Vivado_HLS/2015.3/common/technology/xilinx/ip/util.gen "
@I [HLS-100] Command 'ap_source' returned 0; elapsed 0.000218Total elapsed time: 30.5 sec.
@I [HLS-100] Command "source /media/imranqureshi/40edadaa-013a-44ac-bdd0-e7787032b2e2/xilinx/Vivado_HLS/2015.3/common/technology/xilinx/ip/xfir.gen "
@I [HLS-100] Command 'ap_source' returned 0; elapsed 0.040679Total elapsed time: 30.46 sec.
@I [HLS-100] Command "source /media/imranqureshi/40edadaa-013a-44ac-bdd0-e7787032b2e2/xilinx/Vivado_HLS/2015.3/common/technology/xilinx/ip/xfft.gen "
@I [HLS-100] Command 'ap_source' returned 0; elapsed 0.129816Total elapsed time: 30.176 sec.
@I [HLS-100] Command "source /media/imranqureshi/40edadaa-013a-44ac-bdd0-e7787032b2e2/xilinx/Vivado_HLS/2015.3/common/technology/xilinx/ip/dds_compiler.gen "
@I [HLS-100] Command 'ap_source' returned 0; elapsed 0.004791Total elapsed time: 30.181 sec.
@I [HLS-100] Command 'ap_source' returned 0; elapsed 0.217511Total elapsed time: 30.181 sec.
@I [HLS-100] Command "source /media/imranqureshi/40edadaa-013a-44ac-bdd0-e7787032b2e2/xilinx/Vivado_HLS/2015.3/common/technology/xilinx/common/dsp48.gen "
@I [HLS-100] Command 'ap_source' returned 0; elapsed 0.000247Total elapsed time: 30.183 sec.
@I [HLS-100] Command 'ap_source' returned 0; elapsed 0.220037Total elapsed time: 30.183 sec.
@I [HLS-100] Command 'ap_source' returned 0; elapsed 0.220217Total elapsed time: 30.183 sec.
@I [HLS-100] Command "source /media/imranqureshi/40edadaa-013a-44ac-bdd0-e7787032b2e2/xilinx/Vivado_HLS/2015.3/common/technology/xilinx/zynq/zynq_fpv6.gen "
@I [HLS-100] Command "source /media/imranqureshi/40edadaa-013a-44ac-bdd0-e7787032b2e2/xilinx/Vivado_HLS/2015.3/common/technology/xilinx/common/xilinx_fpv6.gen "
@I [HLS-100] Command 'ap_source' returned 0; elapsed 0.001926Total elapsed time: 30.185 sec.
@I [HLS-100] Command 'ap_source' returned 0; elapsed 0.002092Total elapsed time: 30.185 sec.
@I [HLS-100] Command "source /home/imranqureshi/TDL_homework/2_zynq_bram_QSPI_8bit_FIFO/git_sdk_work/edge2pulse/solution1/.autopilot/db/global.setting.tcl "
@I [HLS-100] Command 'ap_source' returned 0; elapsed 0.000222Total elapsed time: 30.186 sec.
@I [HLS-100] Command "source /home/imranqureshi/TDL_homework/2_zynq_bram_QSPI_8bit_FIFO/git_sdk_work/edge2pulse/solution1/.autopilot/db/global.setting.tcl "
@I [HLS-100] Command 'ap_source' returned 0; elapsed 0.000182Total elapsed time: 30.186 sec.
@I [HLS-100] Command "source /home/imranqureshi/TDL_homework/2_zynq_bram_QSPI_8bit_FIFO/git_sdk_work/edge2pulse/solution1/.autopilot/db/global.setting.tcl "
@I [HLS-100] Command 'ap_source' returned 0; elapsed 0.0002Total elapsed time: 30.189 sec.
@I [HLS-100] Command "source /media/imranqureshi/40edadaa-013a-44ac-bdd0-e7787032b2e2/xilinx/Vivado_HLS/2015.3/common/technology/generic/autopilot/common.gen "
@I [HLS-100] Command "source /media/imranqureshi/40edadaa-013a-44ac-bdd0-e7787032b2e2/xilinx/Vivado_HLS/2015.3/common/technology/generic/autopilot/APCoreGen.gen "
@I [HLS-100] Command 'ap_source' returned 0; elapsed 0.000631Total elapsed time: 30.190 sec.
@I [HLS-100] Command 'ap_source' returned 0; elapsed 0.001351Total elapsed time: 30.191 sec.
@I [HLS-100] Command "source /media/imranqureshi/40edadaa-013a-44ac-bdd0-e7787032b2e2/xilinx/Vivado_HLS/2015.3/common/technology/generic/autopilot/op.gen "
@I [HLS-100] Command 'ap_source' returned 0; elapsed 0.000381Total elapsed time: 30.191 sec.
@I [HLS-100] Command "source /media/imranqureshi/40edadaa-013a-44ac-bdd0-e7787032b2e2/xilinx/Vivado_HLS/2015.3/common/technology/generic/autopilot/op_simcore.gen "
@I [HLS-100] Command 'ap_source' returned 0; elapsed 0.001131Total elapsed time: 30.193 sec.
@I [HLS-100] Command "source /media/imranqureshi/40edadaa-013a-44ac-bdd0-e7787032b2e2/xilinx/Vivado_HLS/2015.3/common/technology/generic/autopilot/interface.gen "
@I [HLS-100] Command 'ap_source' returned 0; elapsed 0.000111Total elapsed time: 30.193 sec.
@I [HLS-100] Command "source /home/imranqureshi/TDL_homework/2_zynq_bram_QSPI_8bit_FIFO/git_sdk_work/edge2pulse/solution1/.autopilot/db/global.setting.tcl "
@I [HLS-100] Command 'ap_source' returned 0; elapsed 0.000195Total elapsed time: 30.193 sec.
@I [HLS-100] Command "source /media/imranqureshi/40edadaa-013a-44ac-bdd0-e7787032b2e2/xilinx/Vivado_HLS/2015.3/common/technology/xilinx/zynq/zynq.gen "
@I [HLS-100] Command "source /media/imranqureshi/40edadaa-013a-44ac-bdd0-e7787032b2e2/xilinx/Vivado_HLS/2015.3/common/technology/xilinx/common/virtex.gen "
@I [HLS-100] Command "source /media/imranqureshi/40edadaa-013a-44ac-bdd0-e7787032b2e2/xilinx/Vivado_HLS/2015.3/common/technology/xilinx/common/xilinx.gen "
@I [HLS-100] Command "source /media/imranqureshi/40edadaa-013a-44ac-bdd0-e7787032b2e2/xilinx/Vivado_HLS/2015.3/common/technology/xilinx/interface/plb46.gen "
@I [HLS-100] Command 'ap_source' returned 0; elapsed 0.00121Total elapsed time: 30.195 sec.
@I [HLS-100] Command "source /media/imranqureshi/40edadaa-013a-44ac-bdd0-e7787032b2e2/xilinx/Vivado_HLS/2015.3/common/technology/xilinx/interface/fsl.gen "
@I [HLS-100] Command 'ap_source' returned 0; elapsed 0.000544Total elapsed time: 30.196 sec.
@I [HLS-100] Command "source /media/imranqureshi/40edadaa-013a-44ac-bdd0-e7787032b2e2/xilinx/Vivado_HLS/2015.3/common/technology/xilinx/interface/axi4.gen "
@I [HLS-100] Command 'ap_source' returned 0; elapsed 0.002502Total elapsed time: 30.198 sec.
@I [HLS-100] Command "source /media/imranqureshi/40edadaa-013a-44ac-bdd0-e7787032b2e2/xilinx/Vivado_HLS/2015.3/common/technology/xilinx/interface/nativeAXI4.gen "
@I [HLS-100] Command "source /media/imranqureshi/40edadaa-013a-44ac-bdd0-e7787032b2e2/xilinx/Vivado_HLS/2015.3/common/technology/xilinx/interface/saxilite.gen "
@I [HLS-100] Command 'ap_source' returned 0; elapsed 0.004496Total elapsed time: 30.203 sec.
@I [HLS-100] Command "source /media/imranqureshi/40edadaa-013a-44ac-bdd0-e7787032b2e2/xilinx/Vivado_HLS/2015.3/common/technology/xilinx/interface/maxi.gen "
@I [HLS-100] Command 'ap_source' returned 0; elapsed 0.008865Total elapsed time: 30.212 sec.
@I [HLS-100] Command 'ap_source' returned 0; elapsed 0.013645Total elapsed time: 30.212 sec.
@I [HLS-100] Command "source /media/imranqureshi/40edadaa-013a-44ac-bdd0-e7787032b2e2/xilinx/Vivado_HLS/2015.3/common/technology/xilinx/scripts/xilinxcoregen.gen "
@I [HLS-100] Command 'ap_source' returned 0; elapsed 0.011121Total elapsed time: 30.223 sec.
@I [HLS-100] Command "source /media/imranqureshi/40edadaa-013a-44ac-bdd0-e7787032b2e2/xilinx/Vivado_HLS/2015.3/common/technology/xilinx/interface/XilEDKCoreGen.gen "
@I [HLS-100] Command 'ap_source' returned 0; elapsed 0.010693Total elapsed time: 30.234 sec.
@I [HLS-100] Command "source /media/imranqureshi/40edadaa-013a-44ac-bdd0-e7787032b2e2/xilinx/Vivado_HLS/2015.3/common/technology/xilinx/ip/util.gen "
@I [HLS-100] Command 'ap_source' returned 0; elapsed 0.000213Total elapsed time: 30.234 sec.
@I [HLS-100] Command "source /media/imranqureshi/40edadaa-013a-44ac-bdd0-e7787032b2e2/xilinx/Vivado_HLS/2015.3/common/technology/xilinx/ip/xfir.gen "
@I [HLS-100] Command 'ap_source' returned 0; elapsed 0.041234Total elapsed time: 30.276 sec.
@I [HLS-100] Command "source /media/imranqureshi/40edadaa-013a-44ac-bdd0-e7787032b2e2/xilinx/Vivado_HLS/2015.3/common/technology/xilinx/ip/xfft.gen "
@I [HLS-100] Command 'ap_source' returned 0; elapsed 0.129158Total elapsed time: 30.405 sec.
@I [HLS-100] Command "source /media/imranqureshi/40edadaa-013a-44ac-bdd0-e7787032b2e2/xilinx/Vivado_HLS/2015.3/common/technology/xilinx/ip/dds_compiler.gen "
@I [HLS-100] Command 'ap_source' returned 0; elapsed 0.004495Total elapsed time: 30.410 sec.
@I [HLS-100] Command 'ap_source' returned 0; elapsed 0.216031Total elapsed time: 30.410 sec.
@I [HLS-100] Command "source /media/imranqureshi/40edadaa-013a-44ac-bdd0-e7787032b2e2/xilinx/Vivado_HLS/2015.3/common/technology/xilinx/common/dsp48.gen "
@I [HLS-100] Command 'ap_source' returned 0; elapsed 0.000208Total elapsed time: 30.412 sec.
@I [HLS-100] Command 'ap_source' returned 0; elapsed 0.218308Total elapsed time: 30.412 sec.
@I [HLS-100] Command 'ap_source' returned 0; elapsed 0.218572Total elapsed time: 30.412 sec.
@I [HLS-100] Command "source /media/imranqureshi/40edadaa-013a-44ac-bdd0-e7787032b2e2/xilinx/Vivado_HLS/2015.3/common/technology/xilinx/zynq/zynq_fpv6.gen "
@I [HLS-100] Command "source /media/imranqureshi/40edadaa-013a-44ac-bdd0-e7787032b2e2/xilinx/Vivado_HLS/2015.3/common/technology/xilinx/common/xilinx_fpv6.gen "
@I [HLS-100] Command 'ap_source' returned 0; elapsed 0.001773Total elapsed time: 30.414 sec.
@I [HLS-100] Command 'ap_source' returned 0; elapsed 0.001927Total elapsed time: 30.414 sec.
@I [HLS-100] Command "source /home/imranqureshi/TDL_homework/2_zynq_bram_QSPI_8bit_FIFO/git_sdk_work/edge2pulse/solution1/.autopilot/db/global.setting.tcl "
@I [HLS-100] Command 'ap_source' returned 0; elapsed 0.000199Total elapsed time: 30.414 sec.
@I [HLS-100] Command "source /home/imranqureshi/TDL_homework/2_zynq_bram_QSPI_8bit_FIFO/git_sdk_work/edge2pulse/solution1/.autopilot/db/global.setting.tcl "
@I [HLS-100] Command 'ap_source' returned 0; elapsed 0.000168Total elapsed time: 30.415 sec.
@I [HLS-100] Command "source /home/imranqureshi/TDL_homework/2_zynq_bram_QSPI_8bit_FIFO/git_sdk_work/edge2pulse/solution1/.autopilot/db/edge2pulse.compgen.tcl "
@I [HLS-100] Command 'ap_source' returned 0; elapsed 0.000143Total elapsed time: 30.415 sec.
@I [HLS-100] Command "source /home/imranqureshi/TDL_homework/2_zynq_bram_QSPI_8bit_FIFO/git_sdk_work/edge2pulse/solution1/.autopilot/db/global.setting.tcl "
@I [HLS-100] Command 'ap_source' returned 0; elapsed 0.00022Total elapsed time: 30.453 sec.
@I [HLS-100] Command "source /home/imranqureshi/TDL_homework/2_zynq_bram_QSPI_8bit_FIFO/git_sdk_work/edge2pulse/solution1/.autopilot/db/edge2pulse.constraint.tcl "
@I [HLS-100] Command 'ap_source' returned 0; elapsed 8.1e-05Total elapsed time: 30.454 sec.
@I [HLS-100] Command "source /media/imranqureshi/40edadaa-013a-44ac-bdd0-e7787032b2e2/xilinx/Vivado_HLS/2015.3/common/technology/generic/autopilot/common.gen "
@I [HLS-100] Command "source /media/imranqureshi/40edadaa-013a-44ac-bdd0-e7787032b2e2/xilinx/Vivado_HLS/2015.3/common/technology/generic/autopilot/APCoreGen.gen "
@I [HLS-100] Command 'ap_source' returned 0; elapsed 0.000626Total elapsed time: 30.455 sec.
@I [HLS-100] Command 'ap_source' returned 0; elapsed 0.001405Total elapsed time: 30.456 sec.
@I [HLS-100] Command "source /media/imranqureshi/40edadaa-013a-44ac-bdd0-e7787032b2e2/xilinx/Vivado_HLS/2015.3/common/technology/generic/autopilot/op.gen "
@I [HLS-100] Command 'ap_source' returned 0; elapsed 0.000378Total elapsed time: 30.457 sec.
@I [HLS-100] Command "source /media/imranqureshi/40edadaa-013a-44ac-bdd0-e7787032b2e2/xilinx/Vivado_HLS/2015.3/common/technology/generic/autopilot/op_simcore.gen "
@I [HLS-100] Command 'ap_source' returned 0; elapsed 0.001072Total elapsed time: 30.458 sec.
@I [HLS-100] Command "source /media/imranqureshi/40edadaa-013a-44ac-bdd0-e7787032b2e2/xilinx/Vivado_HLS/2015.3/common/technology/generic/autopilot/interface.gen "
@I [HLS-100] Command 'ap_source' returned 0; elapsed 0.000108Total elapsed time: 30.458 sec.
@I [HLS-100] Command "source /home/imranqureshi/TDL_homework/2_zynq_bram_QSPI_8bit_FIFO/git_sdk_work/edge2pulse/solution1/.autopilot/db/global.setting.tcl "
@I [HLS-100] Command 'ap_source' returned 0; elapsed 0.000186Total elapsed time: 30.458 sec.
@I [HLS-100] Command "source /media/imranqureshi/40edadaa-013a-44ac-bdd0-e7787032b2e2/xilinx/Vivado_HLS/2015.3/common/technology/xilinx/zynq/zynq.gen "
@I [HLS-100] Command "source /media/imranqureshi/40edadaa-013a-44ac-bdd0-e7787032b2e2/xilinx/Vivado_HLS/2015.3/common/technology/xilinx/common/virtex.gen "
@I [HLS-100] Command "source /media/imranqureshi/40edadaa-013a-44ac-bdd0-e7787032b2e2/xilinx/Vivado_HLS/2015.3/common/technology/xilinx/common/xilinx.gen "
@I [HLS-100] Command "source /media/imranqureshi/40edadaa-013a-44ac-bdd0-e7787032b2e2/xilinx/Vivado_HLS/2015.3/common/technology/xilinx/interface/plb46.gen "
@I [HLS-100] Command 'ap_source' returned 0; elapsed 0.001248Total elapsed time: 30.460 sec.
@I [HLS-100] Command "source /media/imranqureshi/40edadaa-013a-44ac-bdd0-e7787032b2e2/xilinx/Vivado_HLS/2015.3/common/technology/xilinx/interface/fsl.gen "
@I [HLS-100] Command 'ap_source' returned 0; elapsed 0.00055Total elapsed time: 30.461 sec.
@I [HLS-100] Command "source /media/imranqureshi/40edadaa-013a-44ac-bdd0-e7787032b2e2/xilinx/Vivado_HLS/2015.3/common/technology/xilinx/interface/axi4.gen "
@I [HLS-100] Command 'ap_source' returned 0; elapsed 0.002454Total elapsed time: 30.463 sec.
@I [HLS-100] Command "source /media/imranqureshi/40edadaa-013a-44ac-bdd0-e7787032b2e2/xilinx/Vivado_HLS/2015.3/common/technology/xilinx/interface/nativeAXI4.gen "
@I [HLS-100] Command "source /media/imranqureshi/40edadaa-013a-44ac-bdd0-e7787032b2e2/xilinx/Vivado_HLS/2015.3/common/technology/xilinx/interface/saxilite.gen "
@I [HLS-100] Command 'ap_source' returned 0; elapsed 0.004501Total elapsed time: 30.468 sec.
@I [HLS-100] Command "source /media/imranqureshi/40edadaa-013a-44ac-bdd0-e7787032b2e2/xilinx/Vivado_HLS/2015.3/common/technology/xilinx/interface/maxi.gen "
@I [HLS-100] Command 'ap_source' returned 0; elapsed 0.00862Total elapsed time: 30.477 sec.
@I [HLS-100] Command 'ap_source' returned 0; elapsed 0.01344Total elapsed time: 30.477 sec.
@I [HLS-100] Command "source /media/imranqureshi/40edadaa-013a-44ac-bdd0-e7787032b2e2/xilinx/Vivado_HLS/2015.3/common/technology/xilinx/scripts/xilinxcoregen.gen "
@I [HLS-100] Command 'ap_source' returned 0; elapsed 0.01152Total elapsed time: 30.488 sec.
@I [HLS-100] Command "source /media/imranqureshi/40edadaa-013a-44ac-bdd0-e7787032b2e2/xilinx/Vivado_HLS/2015.3/common/technology/xilinx/interface/XilEDKCoreGen.gen "
@I [HLS-100] Command 'ap_source' returned 0; elapsed 0.010402Total elapsed time: 30.499 sec.
@I [HLS-100] Command "source /media/imranqureshi/40edadaa-013a-44ac-bdd0-e7787032b2e2/xilinx/Vivado_HLS/2015.3/common/technology/xilinx/ip/util.gen "
@I [HLS-100] Command 'ap_source' returned 0; elapsed 0.000215Total elapsed time: 30.499 sec.
@I [HLS-100] Command "source /media/imranqureshi/40edadaa-013a-44ac-bdd0-e7787032b2e2/xilinx/Vivado_HLS/2015.3/common/technology/xilinx/ip/xfir.gen "
@I [HLS-100] Command 'ap_source' returned 0; elapsed 0.040729Total elapsed time: 30.540 sec.
@I [HLS-100] Command "source /media/imranqureshi/40edadaa-013a-44ac-bdd0-e7787032b2e2/xilinx/Vivado_HLS/2015.3/common/technology/xilinx/ip/xfft.gen "
@I [HLS-100] Command 'ap_source' returned 0; elapsed 0.129545Total elapsed time: 30.670 sec.
@I [HLS-100] Command "source /media/imranqureshi/40edadaa-013a-44ac-bdd0-e7787032b2e2/xilinx/Vivado_HLS/2015.3/common/technology/xilinx/ip/dds_compiler.gen "
@I [HLS-100] Command 'ap_source' returned 0; elapsed 0.004948Total elapsed time: 30.675 sec.
@I [HLS-100] Command 'ap_source' returned 0; elapsed 0.216208Total elapsed time: 30.675 sec.
@I [HLS-100] Command "source /media/imranqureshi/40edadaa-013a-44ac-bdd0-e7787032b2e2/xilinx/Vivado_HLS/2015.3/common/technology/xilinx/common/dsp48.gen "
@I [HLS-100] Command 'ap_source' returned 0; elapsed 0.000234Total elapsed time: 30.677 sec.
@I [HLS-100] Command 'ap_source' returned 0; elapsed 0.218514Total elapsed time: 30.677 sec.
@I [HLS-100] Command 'ap_source' returned 0; elapsed 0.218665Total elapsed time: 30.677 sec.
@I [HLS-100] Command "source /media/imranqureshi/40edadaa-013a-44ac-bdd0-e7787032b2e2/xilinx/Vivado_HLS/2015.3/common/technology/xilinx/zynq/zynq_fpv6.gen "
@I [HLS-100] Command "source /media/imranqureshi/40edadaa-013a-44ac-bdd0-e7787032b2e2/xilinx/Vivado_HLS/2015.3/common/technology/xilinx/common/xilinx_fpv6.gen "
@I [HLS-100] Command 'ap_source' returned 0; elapsed 0.001797Total elapsed time: 30.679 sec.
@I [HLS-100] Command 'ap_source' returned 0; elapsed 0.001955Total elapsed time: 30.679 sec.
@I [HLS-100] Command "source /home/imranqureshi/TDL_homework/2_zynq_bram_QSPI_8bit_FIFO/git_sdk_work/edge2pulse/solution1/.autopilot/db/global.setting.tcl "
@I [HLS-100] Command 'ap_source' returned 0; elapsed 0.000629Total elapsed time: 30.693 sec.
@I [HLS-100] Command "source /home/imranqureshi/TDL_homework/2_zynq_bram_QSPI_8bit_FIFO/git_sdk_work/edge2pulse/solution1/.autopilot/db/global.setting.tcl "
@I [HLS-100] Command 'ap_source' returned 0; elapsed 0.000504Total elapsed time: 42.689 sec.
@I [HLS-100] Command "source /media/imranqureshi/40edadaa-013a-44ac-bdd0-e7787032b2e2/xilinx/Vivado_HLS/2015.3/common/technology/generic/autopilot/common.gen "
@I [HLS-100] Command "source /media/imranqureshi/40edadaa-013a-44ac-bdd0-e7787032b2e2/xilinx/Vivado_HLS/2015.3/common/technology/generic/autopilot/APCoreGen.gen "
@I [HLS-100] Command 'ap_source' returned 0; elapsed 0.001406Total elapsed time: 42.700 sec.
@I [HLS-100] Command 'ap_source' returned 0; elapsed 0.002486Total elapsed time: 42.701 sec.
@I [HLS-100] Command "source /media/imranqureshi/40edadaa-013a-44ac-bdd0-e7787032b2e2/xilinx/Vivado_HLS/2015.3/common/technology/generic/autopilot/op.gen "
@I [HLS-100] Command 'ap_source' returned 0; elapsed 0.000409Total elapsed time: 42.701 sec.
@I [HLS-100] Command "source /media/imranqureshi/40edadaa-013a-44ac-bdd0-e7787032b2e2/xilinx/Vivado_HLS/2015.3/common/technology/generic/autopilot/op_simcore.gen "
@I [HLS-100] Command 'ap_source' returned 0; elapsed 0.00117Total elapsed time: 42.703 sec.
@I [HLS-100] Command "source /media/imranqureshi/40edadaa-013a-44ac-bdd0-e7787032b2e2/xilinx/Vivado_HLS/2015.3/common/technology/generic/autopilot/interface.gen "
@I [HLS-100] Command 'ap_source' returned 0; elapsed 0.000161Total elapsed time: 42.703 sec.
@I [HLS-100] Command "source /home/imranqureshi/TDL_homework/2_zynq_bram_QSPI_8bit_FIFO/git_sdk_work/edge2pulse/solution1/.autopilot/db/global.setting.tcl "
@I [HLS-100] Command 'ap_source' returned 0; elapsed 0.000266Total elapsed time: 42.703 sec.
@I [HLS-100] Command "source /media/imranqureshi/40edadaa-013a-44ac-bdd0-e7787032b2e2/xilinx/Vivado_HLS/2015.3/common/technology/xilinx/zynq/zynq.gen "
@I [HLS-100] Command "source /media/imranqureshi/40edadaa-013a-44ac-bdd0-e7787032b2e2/xilinx/Vivado_HLS/2015.3/common/technology/xilinx/common/virtex.gen "
@I [HLS-100] Command "source /media/imranqureshi/40edadaa-013a-44ac-bdd0-e7787032b2e2/xilinx/Vivado_HLS/2015.3/common/technology/xilinx/common/xilinx.gen "
@I [HLS-100] Command "source /media/imranqureshi/40edadaa-013a-44ac-bdd0-e7787032b2e2/xilinx/Vivado_HLS/2015.3/common/technology/xilinx/interface/plb46.gen "
@I [HLS-100] Command 'ap_source' returned 0; elapsed 0.001376Total elapsed time: 42.705 sec.
@I [HLS-100] Command "source /media/imranqureshi/40edadaa-013a-44ac-bdd0-e7787032b2e2/xilinx/Vivado_HLS/2015.3/common/technology/xilinx/interface/fsl.gen "
@I [HLS-100] Command 'ap_source' returned 0; elapsed 0.00075Total elapsed time: 42.706 sec.
@I [HLS-100] Command "source /media/imranqureshi/40edadaa-013a-44ac-bdd0-e7787032b2e2/xilinx/Vivado_HLS/2015.3/common/technology/xilinx/interface/axi4.gen "
@I [HLS-100] Command 'ap_source' returned 0; elapsed 0.00286Total elapsed time: 42.709 sec.
@I [HLS-100] Command "source /media/imranqureshi/40edadaa-013a-44ac-bdd0-e7787032b2e2/xilinx/Vivado_HLS/2015.3/common/technology/xilinx/interface/nativeAXI4.gen "
@I [HLS-100] Command "source /media/imranqureshi/40edadaa-013a-44ac-bdd0-e7787032b2e2/xilinx/Vivado_HLS/2015.3/common/technology/xilinx/interface/saxilite.gen "
@I [HLS-100] Command 'ap_source' returned 0; elapsed 0.004579Total elapsed time: 42.714 sec.
@I [HLS-100] Command "source /media/imranqureshi/40edadaa-013a-44ac-bdd0-e7787032b2e2/xilinx/Vivado_HLS/2015.3/common/technology/xilinx/interface/maxi.gen "
@I [HLS-100] Command 'ap_source' returned 0; elapsed 0.0087Total elapsed time: 42.723 sec.
@I [HLS-100] Command 'ap_source' returned 0; elapsed 0.013612Total elapsed time: 42.723 sec.
@I [HLS-100] Command "source /media/imranqureshi/40edadaa-013a-44ac-bdd0-e7787032b2e2/xilinx/Vivado_HLS/2015.3/common/technology/xilinx/scripts/xilinxcoregen.gen "
@I [HLS-100] Command 'ap_source' returned 0; elapsed 0.013596Total elapsed time: 42.736 sec.
@I [HLS-100] Command "source /media/imranqureshi/40edadaa-013a-44ac-bdd0-e7787032b2e2/xilinx/Vivado_HLS/2015.3/common/technology/xilinx/interface/XilEDKCoreGen.gen "
@I [HLS-100] Command 'ap_source' returned 0; elapsed 0.010588Total elapsed time: 42.747 sec.
@I [HLS-100] Command "source /media/imranqureshi/40edadaa-013a-44ac-bdd0-e7787032b2e2/xilinx/Vivado_HLS/2015.3/common/technology/xilinx/ip/util.gen "
@I [HLS-100] Command 'ap_source' returned 0; elapsed 0.000215Total elapsed time: 42.748 sec.
@I [HLS-100] Command "source /media/imranqureshi/40edadaa-013a-44ac-bdd0-e7787032b2e2/xilinx/Vivado_HLS/2015.3/common/technology/xilinx/ip/xfir.gen "
@I [HLS-100] Command 'ap_source' returned 0; elapsed 0.043566Total elapsed time: 42.791 sec.
@I [HLS-100] Command "source /media/imranqureshi/40edadaa-013a-44ac-bdd0-e7787032b2e2/xilinx/Vivado_HLS/2015.3/common/technology/xilinx/ip/xfft.gen "
@I [HLS-100] Command 'ap_source' returned 0; elapsed 0.136582Total elapsed time: 42.928 sec.
@I [HLS-100] Command "source /media/imranqureshi/40edadaa-013a-44ac-bdd0-e7787032b2e2/xilinx/Vivado_HLS/2015.3/common/technology/xilinx/ip/dds_compiler.gen "
@I [HLS-100] Command 'ap_source' returned 0; elapsed 0.004565Total elapsed time: 42.933 sec.
@I [HLS-100] Command 'ap_source' returned 0; elapsed 0.228857Total elapsed time: 42.933 sec.
@I [HLS-100] Command "source /media/imranqureshi/40edadaa-013a-44ac-bdd0-e7787032b2e2/xilinx/Vivado_HLS/2015.3/common/technology/xilinx/common/dsp48.gen "
@I [HLS-100] Command 'ap_source' returned 0; elapsed 0.000209Total elapsed time: 42.935 sec.
@I [HLS-100] Command 'ap_source' returned 0; elapsed 0.231149Total elapsed time: 42.935 sec.
@I [HLS-100] Command 'ap_source' returned 0; elapsed 0.231331Total elapsed time: 42.935 sec.
@I [HLS-100] Command "source /media/imranqureshi/40edadaa-013a-44ac-bdd0-e7787032b2e2/xilinx/Vivado_HLS/2015.3/common/technology/xilinx/zynq/zynq_fpv6.gen "
@I [HLS-100] Command "source /media/imranqureshi/40edadaa-013a-44ac-bdd0-e7787032b2e2/xilinx/Vivado_HLS/2015.3/common/technology/xilinx/common/xilinx_fpv6.gen "
@I [HLS-100] Command 'ap_source' returned 0; elapsed 0.001853Total elapsed time: 42.937 sec.
@I [HLS-100] Command 'ap_source' returned 0; elapsed 0.002012Total elapsed time: 42.937 sec.
@I [HLS-100] Command "source /home/imranqureshi/TDL_homework/2_zynq_bram_QSPI_8bit_FIFO/git_sdk_work/edge2pulse/solution1/.autopilot/db/global.setting.tcl "
@I [HLS-100] Command 'ap_source' returned 0; elapsed 0.000223Total elapsed time: 42.938 sec.
@I [HLS-100] Command "source /home/imranqureshi/TDL_homework/2_zynq_bram_QSPI_8bit_FIFO/git_sdk_work/edge2pulse/solution1/.autopilot/db/global.setting.tcl "
@I [HLS-100] Command 'ap_source' returned 0; elapsed 0.00018Total elapsed time: 42.938 sec.
@I [HLS-100] Command "source /home/imranqureshi/TDL_homework/2_zynq_bram_QSPI_8bit_FIFO/git_sdk_work/edge2pulse/solution1/.autopilot/db/global.setting.tcl "
@I [HLS-100] Command 'ap_source' returned 0; elapsed 0.000198Total elapsed time: 42.941 sec.
@I [HLS-100] Command "source /media/imranqureshi/40edadaa-013a-44ac-bdd0-e7787032b2e2/xilinx/Vivado_HLS/2015.3/common/technology/generic/autopilot/common.gen "
@I [HLS-100] Command "source /media/imranqureshi/40edadaa-013a-44ac-bdd0-e7787032b2e2/xilinx/Vivado_HLS/2015.3/common/technology/generic/autopilot/APCoreGen.gen "
@I [HLS-100] Command 'ap_source' returned 0; elapsed 0.000627Total elapsed time: 42.942 sec.
@I [HLS-100] Command 'ap_source' returned 0; elapsed 0.001345Total elapsed time: 42.943 sec.
@I [HLS-100] Command "source /media/imranqureshi/40edadaa-013a-44ac-bdd0-e7787032b2e2/xilinx/Vivado_HLS/2015.3/common/technology/generic/autopilot/op.gen "
@I [HLS-100] Command 'ap_source' returned 0; elapsed 0.000374Total elapsed time: 42.943 sec.
@I [HLS-100] Command "source /media/imranqureshi/40edadaa-013a-44ac-bdd0-e7787032b2e2/xilinx/Vivado_HLS/2015.3/common/technology/generic/autopilot/op_simcore.gen "
@I [HLS-100] Command 'ap_source' returned 0; elapsed 0.001138Total elapsed time: 42.944 sec.
@I [HLS-100] Command "source /media/imranqureshi/40edadaa-013a-44ac-bdd0-e7787032b2e2/xilinx/Vivado_HLS/2015.3/common/technology/generic/autopilot/interface.gen "
@I [HLS-100] Command 'ap_source' returned 0; elapsed 0.000109Total elapsed time: 42.944 sec.
@I [HLS-100] Command "source /home/imranqureshi/TDL_homework/2_zynq_bram_QSPI_8bit_FIFO/git_sdk_work/edge2pulse/solution1/.autopilot/db/global.setting.tcl "
@I [HLS-100] Command 'ap_source' returned 0; elapsed 0.000187Total elapsed time: 42.945 sec.
@I [HLS-100] Command "source /media/imranqureshi/40edadaa-013a-44ac-bdd0-e7787032b2e2/xilinx/Vivado_HLS/2015.3/common/technology/xilinx/zynq/zynq.gen "
@I [HLS-100] Command "source /media/imranqureshi/40edadaa-013a-44ac-bdd0-e7787032b2e2/xilinx/Vivado_HLS/2015.3/common/technology/xilinx/common/virtex.gen "
@I [HLS-100] Command "source /media/imranqureshi/40edadaa-013a-44ac-bdd0-e7787032b2e2/xilinx/Vivado_HLS/2015.3/common/technology/xilinx/common/xilinx.gen "
@I [HLS-100] Command "source /media/imranqureshi/40edadaa-013a-44ac-bdd0-e7787032b2e2/xilinx/Vivado_HLS/2015.3/common/technology/xilinx/interface/plb46.gen "
@I [HLS-100] Command 'ap_source' returned 0; elapsed 0.001213Total elapsed time: 42.946 sec.
@I [HLS-100] Command "source /media/imranqureshi/40edadaa-013a-44ac-bdd0-e7787032b2e2/xilinx/Vivado_HLS/2015.3/common/technology/xilinx/interface/fsl.gen "
@I [HLS-100] Command 'ap_source' returned 0; elapsed 0.000543Total elapsed time: 42.947 sec.
@I [HLS-100] Command "source /media/imranqureshi/40edadaa-013a-44ac-bdd0-e7787032b2e2/xilinx/Vivado_HLS/2015.3/common/technology/xilinx/interface/axi4.gen "
@I [HLS-100] Command 'ap_source' returned 0; elapsed 0.002523Total elapsed time: 42.950 sec.
@I [HLS-100] Command "source /media/imranqureshi/40edadaa-013a-44ac-bdd0-e7787032b2e2/xilinx/Vivado_HLS/2015.3/common/technology/xilinx/interface/nativeAXI4.gen "
@I [HLS-100] Command "source /media/imranqureshi/40edadaa-013a-44ac-bdd0-e7787032b2e2/xilinx/Vivado_HLS/2015.3/common/technology/xilinx/interface/saxilite.gen "
@I [HLS-100] Command 'ap_source' returned 0; elapsed 0.004503Total elapsed time: 42.954 sec.
@I [HLS-100] Command "source /media/imranqureshi/40edadaa-013a-44ac-bdd0-e7787032b2e2/xilinx/Vivado_HLS/2015.3/common/technology/xilinx/interface/maxi.gen "
@I [HLS-100] Command 'ap_source' returned 0; elapsed 0.010681Total elapsed time: 42.965 sec.
@I [HLS-100] Command 'ap_source' returned 0; elapsed 0.015449Total elapsed time: 42.965 sec.
@I [HLS-100] Command "source /media/imranqureshi/40edadaa-013a-44ac-bdd0-e7787032b2e2/xilinx/Vivado_HLS/2015.3/common/technology/xilinx/scripts/xilinxcoregen.gen "
@I [HLS-100] Command 'ap_source' returned 0; elapsed 0.011216Total elapsed time: 42.977 sec.
@I [HLS-100] Command "source /media/imranqureshi/40edadaa-013a-44ac-bdd0-e7787032b2e2/xilinx/Vivado_HLS/2015.3/common/technology/xilinx/interface/XilEDKCoreGen.gen "
@I [HLS-100] Command 'ap_source' returned 0; elapsed 0.010492Total elapsed time: 42.987 sec.
@I [HLS-100] Command "source /media/imranqureshi/40edadaa-013a-44ac-bdd0-e7787032b2e2/xilinx/Vivado_HLS/2015.3/common/technology/xilinx/ip/util.gen "
@I [HLS-100] Command 'ap_source' returned 0; elapsed 0.000209Total elapsed time: 42.988 sec.
@I [HLS-100] Command "source /media/imranqureshi/40edadaa-013a-44ac-bdd0-e7787032b2e2/xilinx/Vivado_HLS/2015.3/common/technology/xilinx/ip/xfir.gen "
@I [HLS-100] Command 'ap_source' returned 0; elapsed 0.044185Total elapsed time: 43.32 sec.
@I [HLS-100] Command "source /media/imranqureshi/40edadaa-013a-44ac-bdd0-e7787032b2e2/xilinx/Vivado_HLS/2015.3/common/technology/xilinx/ip/xfft.gen "
@I [HLS-100] Command 'ap_source' returned 0; elapsed 0.133868Total elapsed time: 43.166 sec.
@I [HLS-100] Command "source /media/imranqureshi/40edadaa-013a-44ac-bdd0-e7787032b2e2/xilinx/Vivado_HLS/2015.3/common/technology/xilinx/ip/dds_compiler.gen "
@I [HLS-100] Command 'ap_source' returned 0; elapsed 0.004562Total elapsed time: 43.171 sec.
@I [HLS-100] Command 'ap_source' returned 0; elapsed 0.22542Total elapsed time: 43.171 sec.
@I [HLS-100] Command "source /media/imranqureshi/40edadaa-013a-44ac-bdd0-e7787032b2e2/xilinx/Vivado_HLS/2015.3/common/technology/xilinx/common/dsp48.gen "
@I [HLS-100] Command 'ap_source' returned 0; elapsed 0.000258Total elapsed time: 43.173 sec.
@I [HLS-100] Command 'ap_source' returned 0; elapsed 0.227737Total elapsed time: 43.173 sec.
@I [HLS-100] Command 'ap_source' returned 0; elapsed 0.227889Total elapsed time: 43.173 sec.
@I [HLS-100] Command "source /media/imranqureshi/40edadaa-013a-44ac-bdd0-e7787032b2e2/xilinx/Vivado_HLS/2015.3/common/technology/xilinx/zynq/zynq_fpv6.gen "
@I [HLS-100] Command "source /media/imranqureshi/40edadaa-013a-44ac-bdd0-e7787032b2e2/xilinx/Vivado_HLS/2015.3/common/technology/xilinx/common/xilinx_fpv6.gen "
@I [HLS-100] Command 'ap_source' returned 0; elapsed 0.001791Total elapsed time: 43.175 sec.
@I [HLS-100] Command 'ap_source' returned 0; elapsed 0.001947Total elapsed time: 43.175 sec.
@I [HLS-100] Command "source /home/imranqureshi/TDL_homework/2_zynq_bram_QSPI_8bit_FIFO/git_sdk_work/edge2pulse/solution1/.autopilot/db/global.setting.tcl "
@I [HLS-100] Command 'ap_source' returned 0; elapsed 0.000203Total elapsed time: 43.176 sec.
@I [HLS-100] Command "source /home/imranqureshi/TDL_homework/2_zynq_bram_QSPI_8bit_FIFO/git_sdk_work/edge2pulse/solution1/.autopilot/db/global.setting.tcl "
@I [HLS-100] Command 'ap_source' returned 0; elapsed 0.000183Total elapsed time: 43.176 sec.
@I [HLS-100] Command "source /home/imranqureshi/TDL_homework/2_zynq_bram_QSPI_8bit_FIFO/git_sdk_work/edge2pulse/solution1/.autopilot/db/edge2pulse.compgen.tcl "
@I [HLS-100] Command 'ap_source' returned 0; elapsed 0.000142Total elapsed time: 43.176 sec.
@I [HLS-100] Command "source /home/imranqureshi/TDL_homework/2_zynq_bram_QSPI_8bit_FIFO/git_sdk_work/edge2pulse/solution1/.autopilot/db/global.setting.tcl "
@I [HLS-100] Command 'ap_source' returned 0; elapsed 0.000244Total elapsed time: 43.218 sec.
@I [HLS-100] Command "source /home/imranqureshi/TDL_homework/2_zynq_bram_QSPI_8bit_FIFO/git_sdk_work/edge2pulse/solution1/.autopilot/db/edge2pulse.constraint.tcl "
@I [HLS-100] Command 'ap_source' returned 0; elapsed 8e-05Total elapsed time: 43.219 sec.
@I [HLS-100] Command "source /media/imranqureshi/40edadaa-013a-44ac-bdd0-e7787032b2e2/xilinx/Vivado_HLS/2015.3/common/technology/generic/autopilot/common.gen "
@I [HLS-100] Command "source /media/imranqureshi/40edadaa-013a-44ac-bdd0-e7787032b2e2/xilinx/Vivado_HLS/2015.3/common/technology/generic/autopilot/APCoreGen.gen "
@I [HLS-100] Command 'ap_source' returned 0; elapsed 0.000672Total elapsed time: 43.221 sec.
@I [HLS-100] Command 'ap_source' returned 0; elapsed 0.001405Total elapsed time: 43.221 sec.
@I [HLS-100] Command "source /media/imranqureshi/40edadaa-013a-44ac-bdd0-e7787032b2e2/xilinx/Vivado_HLS/2015.3/common/technology/generic/autopilot/op.gen "
@I [HLS-100] Command 'ap_source' returned 0; elapsed 0.000375Total elapsed time: 43.222 sec.
@I [HLS-100] Command "source /media/imranqureshi/40edadaa-013a-44ac-bdd0-e7787032b2e2/xilinx/Vivado_HLS/2015.3/common/technology/generic/autopilot/op_simcore.gen "
@I [HLS-100] Command 'ap_source' returned 0; elapsed 0.001092Total elapsed time: 43.223 sec.
@I [HLS-100] Command "source /media/imranqureshi/40edadaa-013a-44ac-bdd0-e7787032b2e2/xilinx/Vivado_HLS/2015.3/common/technology/generic/autopilot/interface.gen "
@I [HLS-100] Command 'ap_source' returned 0; elapsed 0.000113Total elapsed time: 43.223 sec.
@I [HLS-100] Command "source /home/imranqureshi/TDL_homework/2_zynq_bram_QSPI_8bit_FIFO/git_sdk_work/edge2pulse/solution1/.autopilot/db/global.setting.tcl "
@I [HLS-100] Command 'ap_source' returned 0; elapsed 0.000192Total elapsed time: 43.223 sec.
@I [HLS-100] Command "source /media/imranqureshi/40edadaa-013a-44ac-bdd0-e7787032b2e2/xilinx/Vivado_HLS/2015.3/common/technology/xilinx/zynq/zynq.gen "
@I [HLS-100] Command "source /media/imranqureshi/40edadaa-013a-44ac-bdd0-e7787032b2e2/xilinx/Vivado_HLS/2015.3/common/technology/xilinx/common/virtex.gen "
@I [HLS-100] Command "source /media/imranqureshi/40edadaa-013a-44ac-bdd0-e7787032b2e2/xilinx/Vivado_HLS/2015.3/common/technology/xilinx/common/xilinx.gen "
@I [HLS-100] Command "source /media/imranqureshi/40edadaa-013a-44ac-bdd0-e7787032b2e2/xilinx/Vivado_HLS/2015.3/common/technology/xilinx/interface/plb46.gen "
@I [HLS-100] Command 'ap_source' returned 0; elapsed 0.001285Total elapsed time: 43.225 sec.
@I [HLS-100] Command "source /media/imranqureshi/40edadaa-013a-44ac-bdd0-e7787032b2e2/xilinx/Vivado_HLS/2015.3/common/technology/xilinx/interface/fsl.gen "
@I [HLS-100] Command 'ap_source' returned 0; elapsed 0.00055Total elapsed time: 43.226 sec.
@I [HLS-100] Command "source /media/imranqureshi/40edadaa-013a-44ac-bdd0-e7787032b2e2/xilinx/Vivado_HLS/2015.3/common/technology/xilinx/interface/axi4.gen "
@I [HLS-100] Command 'ap_source' returned 0; elapsed 0.00256Total elapsed time: 43.228 sec.
@I [HLS-100] Command "source /media/imranqureshi/40edadaa-013a-44ac-bdd0-e7787032b2e2/xilinx/Vivado_HLS/2015.3/common/technology/xilinx/interface/nativeAXI4.gen "
@I [HLS-100] Command "source /media/imranqureshi/40edadaa-013a-44ac-bdd0-e7787032b2e2/xilinx/Vivado_HLS/2015.3/common/technology/xilinx/interface/saxilite.gen "
@I [HLS-100] Command 'ap_source' returned 0; elapsed 0.004549Total elapsed time: 43.233 sec.
@I [HLS-100] Command "source /media/imranqureshi/40edadaa-013a-44ac-bdd0-e7787032b2e2/xilinx/Vivado_HLS/2015.3/common/technology/xilinx/interface/maxi.gen "
@I [HLS-100] Command 'ap_source' returned 0; elapsed 0.008479Total elapsed time: 43.242 sec.
@I [HLS-100] Command 'ap_source' returned 0; elapsed 0.01332Total elapsed time: 43.242 sec.
@I [HLS-100] Command "source /media/imranqureshi/40edadaa-013a-44ac-bdd0-e7787032b2e2/xilinx/Vivado_HLS/2015.3/common/technology/xilinx/scripts/xilinxcoregen.gen "
@I [HLS-100] Command 'ap_source' returned 0; elapsed 0.012965Total elapsed time: 43.255 sec.
@I [HLS-100] Command "source /media/imranqureshi/40edadaa-013a-44ac-bdd0-e7787032b2e2/xilinx/Vivado_HLS/2015.3/common/technology/xilinx/interface/XilEDKCoreGen.gen "
@I [HLS-100] Command 'ap_source' returned 0; elapsed 0.010001Total elapsed time: 43.265 sec.
@I [HLS-100] Command "source /media/imranqureshi/40edadaa-013a-44ac-bdd0-e7787032b2e2/xilinx/Vivado_HLS/2015.3/common/technology/xilinx/ip/util.gen "
@I [HLS-100] Command 'ap_source' returned 0; elapsed 0.000227Total elapsed time: 43.266 sec.
@I [HLS-100] Command "source /media/imranqureshi/40edadaa-013a-44ac-bdd0-e7787032b2e2/xilinx/Vivado_HLS/2015.3/common/technology/xilinx/ip/xfir.gen "
@I [HLS-100] Command 'ap_source' returned 0; elapsed 0.043876Total elapsed time: 43.310 sec.
@I [HLS-100] Command "source /media/imranqureshi/40edadaa-013a-44ac-bdd0-e7787032b2e2/xilinx/Vivado_HLS/2015.3/common/technology/xilinx/ip/xfft.gen "
@I [HLS-100] Command 'ap_source' returned 0; elapsed 0.134924Total elapsed time: 43.445 sec.
@I [HLS-100] Command "source /media/imranqureshi/40edadaa-013a-44ac-bdd0-e7787032b2e2/xilinx/Vivado_HLS/2015.3/common/technology/xilinx/ip/dds_compiler.gen "
@I [HLS-100] Command 'ap_source' returned 0; elapsed 0.004511Total elapsed time: 43.450 sec.
@I [HLS-100] Command 'ap_source' returned 0; elapsed 0.225418Total elapsed time: 43.450 sec.
@I [HLS-100] Command "source /media/imranqureshi/40edadaa-013a-44ac-bdd0-e7787032b2e2/xilinx/Vivado_HLS/2015.3/common/technology/xilinx/common/dsp48.gen "
@I [HLS-100] Command 'ap_source' returned 0; elapsed 0.000204Total elapsed time: 43.451 sec.
@I [HLS-100] Command 'ap_source' returned 0; elapsed 0.227655Total elapsed time: 43.452 sec.
@I [HLS-100] Command 'ap_source' returned 0; elapsed 0.227806Total elapsed time: 43.452 sec.
@I [HLS-100] Command "source /media/imranqureshi/40edadaa-013a-44ac-bdd0-e7787032b2e2/xilinx/Vivado_HLS/2015.3/common/technology/xilinx/zynq/zynq_fpv6.gen "
@I [HLS-100] Command "source /media/imranqureshi/40edadaa-013a-44ac-bdd0-e7787032b2e2/xilinx/Vivado_HLS/2015.3/common/technology/xilinx/common/xilinx_fpv6.gen "
@I [HLS-100] Command 'ap_source' returned 0; elapsed 0.00185Total elapsed time: 43.454 sec.
@I [HLS-100] Command 'ap_source' returned 0; elapsed 0.002007Total elapsed time: 43.454 sec.
@I [HLS-100] Command "source /home/imranqureshi/TDL_homework/2_zynq_bram_QSPI_8bit_FIFO/git_sdk_work/edge2pulse/solution1/.autopilot/db/global.setting.tcl "
@I [HLS-100] Command 'ap_source' returned 0; elapsed 0.000518Total elapsed time: 43.466 sec.
@I [HLS-100] Command 'export_design' returned 0; elapsed 2.54933Total elapsed time: 55.437 sec.
@I [HLS-100] Command 'ap_source' returned 0; elapsed 2.86326Total elapsed time: 55.437 sec.
@I [HLS-100] Command "cleanup_all "
@I [HLS-100] Command 'cleanup_all' returned 0; elapsed 0.000538Total elapsed time: 55.438 sec.
